#
# A fatal error has been detected by the Java Runtime Environment:
#
#  SIGSEGV (0xb) at pc=0x00007fddc92ec4d6, pid=11572, tid=140590931932928
#
# JRE version: Java(TM) SE Runtime Environment (8.0_73-b02) (build 1.8.0_73-b02)
# Java VM: Java HotSpot(TM) 64-Bit Server VM (25.73-b02 mixed mode linux-amd64 compressed oops)
# Problematic frame:
# J 746 C1 com.android.dx.ssa.SsaBasicBlock.getRopLabelSuccessorList()Lcom/android/dx/util/IntList; (57 bytes) @ 0x00007fddc92ec4d6 [0x00007fddc92ebf60+0x576]
#
# Failed to write core dump. Core dumps have been disabled. To enable core dumping, try "ulimit -c unlimited" before starting Java again
#
# If you would like to submit a bug report, please visit:
#   http://bugreport.java.com/bugreport/crash.jsp
#

---------------  T H R E A D  ---------------

Current thread (0x00007fddd8009000):  JavaThread "main" [_thread_in_Java, id=11574, stack(0x00007fdde07e7000,0x00007fdde08e8000)]

siginfo: si_signo: 11 (SIGSEGV), si_code: 2 (SEGV_ACCERR), si_addr: 0x00000000e8c68f00

Registers:
RAX=0x000000000000001f, RBX=0x000000010007fd70, RCX=0x00000000ecc63f40, RDX=0x00000000e8c68ef8
RSP=0x00007fdde08e5a20, RBP=0x00007fdde08e6008, RSI=0x000000000000001f, RDI=0x0000000000125b79
R8 =0x00000000ecc68ca8, R9 =0x00007fdddd066838, R10=0x00000000007663dc, R11=0x0000000000000001
R12=0x0000000000000000, R13=0x0000000000000001, R14=0x00000000ecc79f70, R15=0x00007fddd8009000
RIP=0x00007fddc92ec4d6, EFLAGS=0x0000000000010202, CSGSFS=0x0061000000000033, ERR=0x0000000000000004
  TRAPNO=0x000000000000000e

Top of Stack: (sp=0x00007fdde08e5a20)
0x00007fdde08e5a20:   ecc6931000000000 0000000000000000
0x00007fdde08e5a30:   0000000aecc70508 00000000ecc73670
0x00007fdde08e5a40:   00007fdde08e6008 00007fddc94b6b04
0x00007fdde08e5a50:   00000000ecc68bf8 00007fddc955a6ac
0x00007fdde08e5a60:   00000000eda05000 00000000c0789880
0x00007fdde08e5a70:   00000000eda18a98 0000001b0000001c
0x00007fdde08e5a80:   00007fdde08e6008 00007fddc92e11ac
0x00007fdde08e5a90:   00000000ecc78de0 0000000000000001
0x00007fdde08e5aa0:   00000000ecc68ae0 00000000ecc7b978
0x00007fdde08e5ab0:   00000000ecc63f40 0000000100000000
0x00007fdde08e5ac0:   0000000200000000 00000000ecc77080
0x00007fdde08e5ad0:   00000000eda039a0 00007fddc936f860
0x00007fdde08e5ae0:   00007fdde08e6008 00007fddc92f80ec
0x00007fdde08e5af0:   00007fdde08e6008 00007fddc92e71bc
0x00007fdde08e5b00:   00000000ecc7a3a8 00007fddc9414465
0x00007fdde08e5b10:   0000000000000007 0000001c00000034
0x00007fdde08e5b20:   00007fdd0000004f 00000000ecc7a398
0x00007fdde08e5b30:   0000000000000011 00007fddc92e93c4
0x00007fdde08e5b40:   00000000ecc7a028 ecc7a1c8c9390f44
0x00007fdde08e5b50:   000000000000003d 0000000000000000
0x00007fdde08e5b60:   00000000ecc70508 00000000ecc79df8
0x00007fdde08e5b70:   00007fdde08e6008 00007fddc95bf5d4
0x00007fdde08e5b80:   00007fdde08e6008 00007fddc94cffb4
0x00007fdde08e5b90:   00000000ecc79e40 00000000ecc68ae0
0x00007fdde08e5ba0:   00000000ecc746e8 000000340000004e
0x00007fdde08e5bb0:   00000000ecc7b8c8 00000000ecc7b900
0x00007fdde08e5bc0:   00000000ecc7b8c8 000000230000004e
0x00007fdde08e5bd0:   00000000ecc694a8 00000000ecc70508
0x00007fdde08e5be0:   00000000ecc79f70 00000000ecc7b900
0x00007fdde08e5bf0:   000000000000001c 00007fddc9390f44
0x00007fdde08e5c00:   0000000000000000 00000000ecc79f50
0x00007fdde08e5c10:   00007fdde08e6008 00007fddc92e24dc 

Instructions: (pc=0x00007fddc92ec4d6)
0x00007fddc92ec4b6:   1e 04 dd dd 7f 00 00 81 8f 50 01 00 00 00 01 00
0x00007fddc92ec4c6:   00 e9 c0 00 00 00 48 bb 70 fd 07 00 01 00 00 00
0x00007fddc92ec4d6:   8b 72 08 48 c1 e6 03 48 3b de 0f 85 8a 00 00 00
0x00007fddc92ec4e6:   48 bf 10 1e 04 dd dd 7f 00 00 8b 5a 08 48 c1 e3 

Register to memory mapping:

RAX=0x000000000000001f is an unknown value
RBX=0x000000010007fd70 is pointing into metadata
RCX=0x00000000ecc63f40 is an oop
com.android.dx.ssa.SsaMethod 
 - klass: 'com/android/dx/ssa/SsaMethod'
RDX=0x00000000e8c68ef8 is an unallocated location in the heap
RSP=0x00007fdde08e5a20 is pointing into the stack for thread: 0x00007fddd8009000
RBP=0x00007fdde08e6008 is pointing into the stack for thread: 0x00007fddd8009000
RSI=0x000000000000001f is an unknown value
RDI=0x0000000000125b79 is an unknown value
R8 =0x00000000ecc68ca8 is an oop
com.android.dx.util.IntList 
 - klass: 'com/android/dx/util/IntList'
R9 =0x00007fdddd066838 is pointing into metadata
R10=0x00000000007663dc is an unknown value
R11=0x0000000000000001 is an unknown value
R12=0x0000000000000000 is an unknown value
R13=0x0000000000000001 is an unknown value
R14=0x00000000ecc79f70 is an oop
com.android.dx.rop.code.BasicBlockList 
 - klass: 'com/android/dx/rop/code/BasicBlockList'
R15=0x00007fddd8009000 is a thread


Stack: [0x00007fdde07e7000,0x00007fdde08e8000],  sp=0x00007fdde08e5a20,  free space=1018k
Native frames: (J=compiled Java code, j=interpreted, Vv=VM code, C=native code)
J 746 C1 com.android.dx.ssa.SsaBasicBlock.getRopLabelSuccessorList()Lcom/android/dx/util/IntList; (57 bytes) @ 0x00007fddc92ec4d6 [0x00007fddc92ebf60+0x576]
J 745 C1 com.android.dx.ssa.back.SsaToRop.convertBasicBlock(Lcom/android/dx/ssa/SsaBasicBlock;)Lcom/android/dx/rop/code/BasicBlock; (126 bytes) @ 0x00007fddc92f80ec [0x00007fddc92f7fe0+0x10c]
J 1225 C1 com.android.dx.ssa.back.SsaToRop.convertBasicBlocks()Lcom/android/dx/rop/code/BasicBlockList; (151 bytes) @ 0x00007fddc94d1cc4 [0x00007fddc94d0c20+0x10a4]
J 1497 C1 com.android.dx.ssa.back.SsaToRop.convert()Lcom/android/dx/rop/code/RopMethod; (99 bytes) @ 0x00007fddc95d83c4 [0x00007fddc95d8180+0x244]
J 1511 C1 com.android.dx.ssa.Optimizer.optimize(Lcom/android/dx/rop/code/RopMethod;IZZLcom/android/dx/rop/code/TranslationAdvice;Ljava/util/EnumSet;)Lcom/android/dx/rop/code/RopMethod; (67 bytes) @ 0x00007fddc960524c [0x00007fddc9605100+0x14c]
J 1461 C1 com.android.dx.ssa.Optimizer.optimize(Lcom/android/dx/rop/code/RopMethod;IZZLcom/android/dx/rop/code/TranslationAdvice;)Lcom/android/dx/rop/code/RopMethod; (16 bytes) @ 0x00007fddc95cca44 [0x00007fddc95cc9a0+0xa4]
j  com.android.dx.dex.cf.CfTranslator.processMethods(Lcom/android/dx/cf/direct/DirectClassFile;Lcom/android/dx/dex/cf/CfOptions;Lcom/android/dx/dex/DexOptions;Lcom/android/dx/dex/file/ClassDefItem;Lcom/android/dx/dex/file/DexFile;)V+265
J 1549 C1 com.android.dx.dex.cf.CfTranslator.translate0(Lcom/android/dx/cf/direct/DirectClassFile;[BLcom/android/dx/dex/cf/CfOptions;Lcom/android/dx/dex/DexOptions;Lcom/android/dx/dex/file/DexFile;)Lcom/android/dx/dex/file/ClassDefItem; (259 bytes) @ 0x00007fddc961cf54 [0x00007fddc961cb60+0x3f4]
j  com.android.dx.dex.cf.CfTranslator.translate(Lcom/android/dx/cf/direct/DirectClassFile;[BLcom/android/dx/dex/cf/CfOptions;Lcom/android/dx/dex/DexOptions;Lcom/android/dx/dex/file/DexFile;)Lcom/android/dx/dex/file/ClassDefItem;+6
j  com.android.dx.command.dexer.Main.processClass(Ljava/lang/String;[B)Z+251
j  com.android.dx.command.dexer.Main.processFileBytes(Ljava/lang/String;J[B)Z+188
j  com.android.dx.command.dexer.Main.access$300(Ljava/lang/String;J[B)Z+3
j  com.android.dx.command.dexer.Main$1.processFileBytes(Ljava/lang/String;J[B)Z+4
j  com.android.dx.cf.direct.ClassPathOpener.processArchive(Ljava/io/File;)Z+196
j  com.android.dx.cf.direct.ClassPathOpener.processOne(Ljava/io/File;Z)Z+48
j  com.android.dx.cf.direct.ClassPathOpener.process()Z+15
j  com.android.dx.command.dexer.Main.processOne(Ljava/lang/String;Lcom/android/dx/cf/direct/ClassPathOpener$FileNameFilter;)V+58
j  com.android.dx.command.dexer.Main.processAllFiles()Z+202
j  com.android.dx.command.dexer.Main.runMonoDex()I+58
j  com.android.dx.command.dexer.Main.run(Lcom/android/dx/command/dexer/Main$Arguments;)I+76
j  com.android.dx.command.dexer.Main.main([Ljava/lang/String;)V+14
j  com.android.dx.command.Main.main([Ljava/lang/String;)V+61
v  ~StubRoutines::call_stub
V  [libjvm.so+0x68c656]  JavaCalls::call_helper(JavaValue*, methodHandle*, JavaCallArguments*, Thread*)+0x1056
V  [libjvm.so+0x6cdc72]  jni_invoke_static(JNIEnv_*, JavaValue*, _jobject*, JNICallType, _jmethodID*, JNI_ArgumentPusher*, Thread*)+0x362
V  [libjvm.so+0x6ea67a]  jni_CallStaticVoidMethod+0x17a
C  [libjli.so+0x7bcc]  JavaMain+0x80c
C  [libpthread.so.0+0x7f33]  start_thread+0xc3


---------------  P R O C E S S  ---------------

Java Threads: ( => current thread )
  0x00007fddd80c1800 JavaThread "Service Thread" daemon [_thread_blocked, id=11601, stack(0x00007fddc1eff000,0x00007fddc2000000)]
  0x00007fddd80bc800 JavaThread "C1 CompilerThread2" daemon [_thread_blocked, id=11600, stack(0x00007fddc80f1000,0x00007fddc81f2000)]
  0x00007fddd80ba800 JavaThread "C2 CompilerThread1" daemon [_thread_in_native, id=11599, stack(0x00007fddc81f2000,0x00007fddc82f3000)]
  0x00007fddd80b7800 JavaThread "C2 CompilerThread0" daemon [_thread_in_native, id=11598, stack(0x00007fddc82f3000,0x00007fddc83f4000)]
  0x00007fddd80b6000 JavaThread "Signal Dispatcher" daemon [_thread_blocked, id=11597, stack(0x00007fddc83f4000,0x00007fddc84f5000)]
  0x00007fddd807e000 JavaThread "Finalizer" daemon [_thread_blocked, id=11593, stack(0x00007fddc84f5000,0x00007fddc85f6000)]
  0x00007fddd807c000 JavaThread "Reference Handler" daemon [_thread_blocked, id=11592, stack(0x00007fddc85f6000,0x00007fddc86f7000)]
=>0x00007fddd8009000 JavaThread "main" [_thread_in_Java, id=11574, stack(0x00007fdde07e7000,0x00007fdde08e8000)]

Other Threads:
  0x00007fddd8076800 VMThread [stack: 0x00007fddc86f7000,0x00007fddc87f8000] [id=11589]
  0x00007fddd80c4000 WatcherThread [stack: 0x00007fddc1dfe000,0x00007fddc1eff000] [id=11602]

VM state:not at safepoint (normal execution)

VM Mutex/Monitor currently owned by a thread: None

Heap:
 PSYoungGen      total 51712K, used 38208K [0x00000000eab00000, 0x00000000f1000000, 0x0000000100000000)
  eden space 48128K, 71% used [0x00000000eab00000,0x00000000eccd0210,0x00000000eda00000)
  from space 3584K, 100% used [0x00000000eda00000,0x00000000edd80000,0x00000000edd80000)
  to   space 3584K, 0% used [0x00000000f0c80000,0x00000000f0c80000,0x00000000f1000000)
 ParOldGen       total 62976K, used 13102K [0x00000000c0000000, 0x00000000c3d80000, 0x00000000eab00000)
  object space 62976K, 20% used [0x00000000c0000000,0x00000000c0ccbb58,0x00000000c3d80000)
 Metaspace       used 5860K, capacity 7088K, committed 7296K, reserved 1056768K
  class space    used 550K, capacity 616K, committed 640K, reserved 1048576K

Card table byte_map: [0x00007fdddd9ed000,0x00007fddddbee000] byte_map_base: 0x00007fdddd3ed000

Marking Bits: (ParMarkBitMap*) 0x00007fdddfcd4100
 Begin Bits: [0x00007fddc2000000, 0x00007fddc3000000)
 End Bits:   [0x00007fddc3000000, 0x00007fddc4000000)

Polling page: 0x00007fdde0912000

CodeCache: size=245760Kb used=6791Kb max_used=6800Kb free=238968Kb
 bounds [0x00007fddc9000000, 0x00007fddc96b0000, 0x00007fddd8000000]
 total_blobs=1891 nmethods=1627 adapters=178
 compilation: enabled

Compilation events (10 events):
Event: 5.914 Thread 0x00007fddd80bc800 1671       2       com.android.dx.rop.type.Type::getArrayType (50 bytes)
Event: 5.915 Thread 0x00007fddd80bc800 nmethod 1671 0x00007fddc967c5d0 code [0x00007fddc967c780, 0x00007fddc967cbe8]
Event: 5.981 Thread 0x00007fddd80b7800 nmethod 1665 0x00007fddc96a8490 code [0x00007fddc96a8760, 0x00007fddc96a99b0]
Event: 5.981 Thread 0x00007fddd80b7800 1666       4       java.util.HashMap::putVal (300 bytes)
Event: 5.992 Thread 0x00007fddd80b7800 nmethod 1666 0x00007fddc96a5510 code [0x00007fddc96a56e0, 0x00007fddc96a5f18]
Event: 5.992 Thread 0x00007fddd80b7800 1677       4       com.android.dx.ssa.SsaMethod::mapRegisters (87 bytes)
Event: 6.068 Thread 0x00007fddd80bc800 1686   !   2       com.android.dx.rop.cst.CstType::intern (48 bytes)
Event: 6.068 Thread 0x00007fddd80bc800 nmethod 1686 0x00007fddc9680b10 code [0x00007fddc9680cc0, 0x00007fddc96811c8]
Event: 6.069 Thread 0x00007fddd80bc800 1688       1       com.android.dx.cf.code.SwitchList::getValues (5 bytes)
Event: 6.069 Thread 0x00007fddd80bc800 nmethod 1688 0x00007fddc9684450 code [0x00007fddc96845a0, 0x00007fddc96846b0]

GC Heap History (6 events):
Event: 2.499 GC heap before
{Heap before GC invocations=1 (full 0):
 PSYoungGen      total 27648K, used 24064K [0x00000000eab00000, 0x00000000ec980000, 0x0000000100000000)
  eden space 24064K, 100% used [0x00000000eab00000,0x00000000ec280000,0x00000000ec280000)
  from space 3584K, 0% used [0x00000000ec600000,0x00000000ec600000,0x00000000ec980000)
  to   space 3584K, 0% used [0x00000000ec280000,0x00000000ec280000,0x00000000ec600000)
 ParOldGen       total 62976K, used 0K [0x00000000c0000000, 0x00000000c3d80000, 0x00000000eab00000)
  object space 62976K, 0% used [0x00000000c0000000,0x00000000c0000000,0x00000000c3d80000)
 Metaspace       used 5548K, capacity 6832K, committed 7040K, reserved 1056768K
  class space    used 547K, capacity 616K, committed 640K, reserved 1048576K
Event: 2.525 GC heap after
Heap after GC invocations=1 (full 0):
 PSYoungGen      total 27648K, used 3559K [0x00000000eab00000, 0x00000000ee100000, 0x0000000100000000)
  eden space 24064K, 0% used [0x00000000eab00000,0x00000000eab00000,0x00000000ec280000)
  from space 3584K, 99% used [0x00000000ec280000,0x00000000ec5f9c88,0x00000000ec600000)
  to   space 3584K, 0% used [0x00000000edd80000,0x00000000edd80000,0x00000000ee100000)
 ParOldGen       total 62976K, used 2177K [0x00000000c0000000, 0x00000000c3d80000, 0x00000000eab00000)
  object space 62976K, 3% used [0x00000000c0000000,0x00000000c02205d8,0x00000000c3d80000)
 Metaspace       used 5548K, capacity 6832K, committed 7040K, reserved 1056768K
  class space    used 547K, capacity 616K, committed 640K, reserved 1048576K
}
Event: 3.641 GC heap before
{Heap before GC invocations=2 (full 0):
 PSYoungGen      total 27648K, used 27623K [0x00000000eab00000, 0x00000000ee100000, 0x0000000100000000)
  eden space 24064K, 99% used [0x00000000eab00000,0x00000000ec27fff0,0x00000000ec280000)
  from space 3584K, 99% used [0x00000000ec280000,0x00000000ec5f9c88,0x00000000ec600000)
  to   space 3584K, 0% used [0x00000000edd80000,0x00000000edd80000,0x00000000ee100000)
 ParOldGen       total 62976K, used 2177K [0x00000000c0000000, 0x00000000c3d80000, 0x00000000eab00000)
  object space 62976K, 3% used [0x00000000c0000000,0x00000000c02205d8,0x00000000c3d80000)
 Metaspace       used 5730K, capacity 6960K, committed 7040K, reserved 1056768K
  class space    used 549K, capacity 616K, committed 640K, reserved 1048576K
Event: 3.681 GC heap after
Heap after GC invocations=2 (full 0):
 PSYoungGen      total 51712K, used 3559K [0x00000000eab00000, 0x00000000ee100000, 0x0000000100000000)
  eden space 48128K, 0% used [0x00000000eab00000,0x00000000eab00000,0x00000000eda00000)
  from space 3584K, 99% used [0x00000000edd80000,0x00000000ee0f9c78,0x00000000ee100000)
  to   space 3584K, 0% used [0x00000000eda00000,0x00000000eda00000,0x00000000edd80000)
 ParOldGen       total 62976K, used 5832K [0x00000000c0000000, 0x00000000c3d80000, 0x00000000eab00000)
  object space 62976K, 9% used [0x00000000c0000000,0x00000000c05b2148,0x00000000c3d80000)
 Metaspace       used 5730K, capacity 6960K, committed 7040K, reserved 1056768K
  class space    used 549K, capacity 616K, committed 640K, reserved 1048576K
}
Event: 5.309 GC heap before
{Heap before GC invocations=3 (full 0):
 PSYoungGen      total 51712K, used 51687K [0x00000000eab00000, 0x00000000ee100000, 0x0000000100000000)
  eden space 48128K, 100% used [0x00000000eab00000,0x00000000eda00000,0x00000000eda00000)
  from space 3584K, 99% used [0x00000000edd80000,0x00000000ee0f9c78,0x00000000ee100000)
  to   space 3584K, 0% used [0x00000000eda00000,0x00000000eda00000,0x00000000edd80000)
 ParOldGen       total 62976K, used 5832K [0x00000000c0000000, 0x00000000c3d80000, 0x00000000eab00000)
  object space 62976K, 9% used [0x00000000c0000000,0x00000000c05b2148,0x00000000c3d80000)
 Metaspace       used 5853K, capacity 7088K, committed 7296K, reserved 1056768K
  class space    used 550K, capacity 616K, committed 640K, reserved 1048576K
Event: 5.380 GC heap after
Heap after GC invocations=3 (full 0):
 PSYoungGen      total 51712K, used 3584K [0x00000000eab00000, 0x00000000f1000000, 0x0000000100000000)
  eden space 48128K, 0% used [0x00000000eab00000,0x00000000eab00000,0x00000000eda00000)
  from space 3584K, 100% used [0x00000000eda00000,0x00000000edd80000,0x00000000edd80000)
  to   space 3584K, 0% used [0x00000000f0c80000,0x00000000f0c80000,0x00000000f1000000)
 ParOldGen       total 62976K, used 13102K [0x00000000c0000000, 0x00000000c3d80000, 0x00000000eab00000)
  object space 62976K, 20% used [0x00000000c0000000,0x00000000c0ccbb58,0x00000000c3d80000)
 Metaspace       used 5853K, capacity 7088K, committed 7296K, reserved 1056768K
  class space    used 550K, capacity 616K, committed 640K, reserved 1048576K
}

Deoptimization events (10 events):
Event: 3.586 Thread 0x00007fddd8009000 Uncommon trap: reason=unstable_if action=reinterpret pc=0x00007fddc94a9d68 method=com.android.dx.util.LabeledList.set(ILcom/android/dx/util/LabeledItem;)V @ 16
Event: 4.124 Thread 0x00007fddd8009000 Uncommon trap: reason=bimorphic action=maybe_recompile pc=0x00007fddc95e455c method=com.android.dx.cf.code.BytecodeArray.parseInstruction(ILcom/android/dx/cf/code/BytecodeArray$Visitor;)I @ 939
Event: 4.124 Thread 0x00007fddd8009000 Uncommon trap: reason=bimorphic action=maybe_recompile pc=0x00007fddc95e4454 method=com.android.dx.cf.code.BytecodeArray.parseInstruction(ILcom/android/dx/cf/code/BytecodeArray$Visitor;)I @ 907
Event: 4.124 Thread 0x00007fddd8009000 Uncommon trap: reason=bimorphic action=maybe_recompile pc=0x00007fddc95e4454 method=com.android.dx.cf.code.BytecodeArray.parseInstruction(ILcom/android/dx/cf/code/BytecodeArray$Visitor;)I @ 907
Event: 4.124 Thread 0x00007fddd8009000 Uncommon trap: reason=bimorphic action=maybe_recompile pc=0x00007fddc95e44d8 method=com.android.dx.cf.code.BytecodeArray.parseInstruction(ILcom/android/dx/cf/code/BytecodeArray$Visitor;)I @ 923
Event: 4.124 Thread 0x00007fddd8009000 Uncommon trap: reason=bimorphic action=maybe_recompile pc=0x00007fddc95e44d8 method=com.android.dx.cf.code.BytecodeArray.parseInstruction(ILcom/android/dx/cf/code/BytecodeArray$Visitor;)I @ 923
Event: 4.291 Thread 0x00007fddd8009000 Uncommon trap: reason=unstable_if action=reinterpret pc=0x00007fddc9569a2c method=com.android.dx.ssa.SCCP.simulateStmt(Lcom/android/dx/ssa/SsaInsn;)V @ 53
Event: 4.735 Thread 0x00007fddd8009000 Uncommon trap: reason=unstable_if action=reinterpret pc=0x00007fddc93f067c method=com.android.dx.ssa.SsaMethod.updateOneDefinition(Lcom/android/dx/ssa/SsaInsn;Lcom/android/dx/rop/code/RegisterSpec;)V @ 4
Event: 5.096 Thread 0x00007fddd8009000 Uncommon trap: reason=unstable_if action=reinterpret pc=0x00007fddc939dc88 method=java.lang.String.<init>([CII)V @ 18
Event: 5.405 Thread 0x00007fddd8009000 Uncommon trap: reason=unstable_if action=reinterpret pc=0x00007fddc92702c8 method=java.lang.String.<init>([CII)V @ 18

Internal exceptions (2 events):
Event: 0.110 Thread 0x00007fddd8009000 Exception <a 'java/lang/NoSuchMethodError': Method sun.misc.Unsafe.defineClass(Ljava/lang/String;[BII)Ljava/lang/Class; name or signature does not match> (0x00000000eab12bf8) thrown at [/HUDSON3/workspace/8-2-build-linux-amd64/jdk8u73/6086/hotspot/src/sha
Event: 0.110 Thread 0x00007fddd8009000 Exception <a 'java/lang/NoSuchMethodError': Method sun.misc.Unsafe.prefetchRead(Ljava/lang/Object;J)V name or signature does not match> (0x00000000eab12ee0) thrown at [/HUDSON3/workspace/8-2-build-linux-amd64/jdk8u73/6086/hotspot/src/share/vm/prims/jni.cp

Events (10 events):
Event: 5.218 Thread 0x00007fddd8009000 DEOPT UNPACKING pc=0x00007fddc9047633 sp=0x00007fdde08e5c20 mode 0
Event: 5.222 Thread 0x00007fddd8009000 DEOPT PACKING pc=0x00007fddc9621d42 sp=0x00007fdde08e5f40
Event: 5.222 Thread 0x00007fddd8009000 DEOPT UNPACKING pc=0x00007fddc9047633 sp=0x00007fdde08e5d70 mode 0
Event: 5.308 Executing VM operation: ParallelGCFailedAllocation
Event: 5.380 Executing VM operation: ParallelGCFailedAllocation done
Event: 5.405 Thread 0x00007fddd8009000 Uncommon trap: trap_request=0xffffff65 fr.pc=0x00007fddc92702c8
Event: 5.405 Thread 0x00007fddd8009000 DEOPT PACKING pc=0x00007fddc92702c8 sp=0x00007fdde08e5930
Event: 5.405 Thread 0x00007fddd8009000 DEOPT UNPACKING pc=0x00007fddc9005229 sp=0x00007fdde08e58f8 mode 2
Event: 5.491 Thread 0x00007fddd8009000 DEOPT PACKING pc=0x00007fddc964d9b8 sp=0x00007fdde08e5980
Event: 5.491 Thread 0x00007fddd8009000 DEOPT UNPACKING pc=0x00007fddc9047633 sp=0x00007fdde08e5710 mode 0


Dynamic libraries:
00400000-00401000 r-xp 00000000 fd:01 1326129                            /usr/java/jdk1.8.0_73/bin/java
00600000-00601000 rw-p 00000000 fd:01 1326129                            /usr/java/jdk1.8.0_73/bin/java
00e61000-00e82000 rw-p 00000000 00:00 0                                  [heap]
c0000000-c3d80000 rw-p 00000000 00:00 0 
c3d80000-eab00000 ---p 00000000 00:00 0 
eab00000-f1000000 rw-p 00000000 00:00 0 
f1000000-100000000 ---p 00000000 00:00 0 
100000000-1000a0000 rw-p 00000000 00:00 0 
1000a0000-140000000 ---p 00000000 00:00 0 
7fdd80000000-7fdd80021000 rw-p 00000000 00:00 0 
7fdd80021000-7fdd84000000 ---p 00000000 00:00 0 
7fdd88000000-7fdd88a26000 rw-p 00000000 00:00 0 
7fdd88a26000-7fdd8c000000 ---p 00000000 00:00 0 
7fdd8c000000-7fdd8c021000 rw-p 00000000 00:00 0 
7fdd8c021000-7fdd90000000 ---p 00000000 00:00 0 
7fdd90000000-7fdd908df000 rw-p 00000000 00:00 0 
7fdd908df000-7fdd94000000 ---p 00000000 00:00 0 
7fdd94000000-7fdd94c58000 rw-p 00000000 00:00 0 
7fdd94c58000-7fdd98000000 ---p 00000000 00:00 0 
7fdd98000000-7fdd98021000 rw-p 00000000 00:00 0 
7fdd98021000-7fdd9c000000 ---p 00000000 00:00 0 
7fdd9dad7000-7fdda4000000 r--p 00000000 fd:01 1190293                    /usr/lib/locale/locale-archive
7fdda4000000-7fdda4021000 rw-p 00000000 00:00 0 
7fdda4021000-7fdda8000000 ---p 00000000 00:00 0 
7fdda8000000-7fdda8021000 rw-p 00000000 00:00 0 
7fdda8021000-7fddac000000 ---p 00000000 00:00 0 
7fddac000000-7fddac021000 rw-p 00000000 00:00 0 
7fddac021000-7fddb0000000 ---p 00000000 00:00 0 
7fddb4000000-7fddb4021000 rw-p 00000000 00:00 0 
7fddb4021000-7fddb8000000 ---p 00000000 00:00 0 
7fddb8000000-7fddb8021000 rw-p 00000000 00:00 0 
7fddb8021000-7fddbc000000 ---p 00000000 00:00 0 
7fddbc000000-7fddbc021000 rw-p 00000000 00:00 0 
7fddbc021000-7fddc0000000 ---p 00000000 00:00 0 
7fddc1dfe000-7fddc1dff000 ---p 00000000 00:00 0 
7fddc1dff000-7fddc1eff000 rw-p 00000000 00:00 0                          [stack:11602]
7fddc1eff000-7fddc1f02000 ---p 00000000 00:00 0 
7fddc1f02000-7fddc4000000 rw-p 00000000 00:00 0                          [stack:11601]
7fddc4000000-7fddc4021000 rw-p 00000000 00:00 0 
7fddc4021000-7fddc8000000 ---p 00000000 00:00 0 
7fddc80f1000-7fddc80f4000 ---p 00000000 00:00 0 
7fddc80f4000-7fddc81f2000 rw-p 00000000 00:00 0                          [stack:11600]
7fddc81f2000-7fddc81f5000 ---p 00000000 00:00 0 
7fddc81f5000-7fddc82f3000 rw-p 00000000 00:00 0                          [stack:11599]
7fddc82f3000-7fddc82f6000 ---p 00000000 00:00 0 
7fddc82f6000-7fddc83f4000 rw-p 00000000 00:00 0                          [stack:11598]
7fddc83f4000-7fddc83f7000 ---p 00000000 00:00 0 
7fddc83f7000-7fddc84f5000 rw-p 00000000 00:00 0                          [stack:11597]
7fddc84f5000-7fddc84f8000 ---p 00000000 00:00 0 
7fddc84f8000-7fddc85f6000 rw-p 00000000 00:00 0                          [stack:11593]
7fddc85f6000-7fddc85f9000 ---p 00000000 00:00 0 
7fddc85f9000-7fddc86f7000 rw-p 00000000 00:00 0                          [stack:11592]
7fddc86f7000-7fddc86f8000 ---p 00000000 00:00 0 
7fddc86f8000-7fddc9000000 rw-p 00000000 00:00 0                          [stack:11589]
7fddc9000000-7fddc96b0000 rwxp 00000000 00:00 0 
7fddc96b0000-7fddd8000000 ---p 00000000 00:00 0 
7fddd8000000-7fddd8447000 rw-p 00000000 00:00 0 
7fddd8447000-7fdddc000000 ---p 00000000 00:00 0 
7fdddc087000-7fdddc08a000 rw-p 00000000 00:00 0 
7fdddc08a000-7fdddc099000 r--s 000dd000 fd:02 13634665                   /home/alig2x/Android/Sdk/build-tools/22.0.1/lib/dx.jar
7fdddc099000-7fdddc845000 rw-p 00000000 00:00 0 
7fdddc845000-7fdddca1d000 r--s 03cdb000 fd:01 1326332                    /usr/java/jdk1.8.0_73/jre/lib/rt.jar
7fdddca1d000-7fdddd113000 rw-p 00000000 00:00 0 
7fdddd113000-7fdddd293000 ---p 00000000 00:00 0 
7fdddd293000-7fdddd493000 rw-p 00000000 00:00 0 
7fdddd493000-7fdddd494000 ---p 00000000 00:00 0 
7fdddd494000-7fdddd594000 rw-p 00000000 00:00 0                          [stack:11584]
7fdddd594000-7fdddd595000 ---p 00000000 00:00 0 
7fdddd595000-7fdddd695000 rw-p 00000000 00:00 0                          [stack:11581]
7fdddd695000-7fdddd696000 ---p 00000000 00:00 0 
7fdddd696000-7fdddd796000 rw-p 00000000 00:00 0                          [stack:11579]
7fdddd796000-7fdddd797000 ---p 00000000 00:00 0 
7fdddd797000-7fdddd8b6000 rw-p 00000000 00:00 0                          [stack:11577]
7fdddd8b6000-7fdddd9ed000 ---p 00000000 00:00 0 
7fdddd9ed000-7fdddda0c000 rw-p 00000000 00:00 0 
7fdddda0c000-7fddddb42000 ---p 00000000 00:00 0 
7fddddb42000-7fddddb75000 rw-p 00000000 00:00 0 
7fddddb75000-7fddddbed000 ---p 00000000 00:00 0 
7fddddbed000-7fddddc09000 rw-p 00000000 00:00 0 
7fddddc09000-7fddddfae000 ---p 00000000 00:00 0 
7fddddfae000-7fddddfc8000 r-xp 00000000 fd:01 1326314                    /usr/java/jdk1.8.0_73/jre/lib/amd64/libzip.so
7fddddfc8000-7fddde1c8000 ---p 0001a000 fd:01 1326314                    /usr/java/jdk1.8.0_73/jre/lib/amd64/libzip.so
7fddde1c8000-7fddde1c9000 rw-p 0001a000 fd:01 1326314                    /usr/java/jdk1.8.0_73/jre/lib/amd64/libzip.so
7fddde1c9000-7fddde1d4000 r-xp 00000000 fd:01 1187923                    /usr/lib64/libnss_files-2.18.so
7fddde1d4000-7fddde3d3000 ---p 0000b000 fd:01 1187923                    /usr/lib64/libnss_files-2.18.so
7fddde3d3000-7fddde3d4000 r--p 0000a000 fd:01 1187923                    /usr/lib64/libnss_files-2.18.so
7fddde3d4000-7fddde3d5000 rw-p 0000b000 fd:01 1187923                    /usr/lib64/libnss_files-2.18.so
7fddde3d5000-7fddde3ff000 r-xp 00000000 fd:01 1326278                    /usr/java/jdk1.8.0_73/jre/lib/amd64/libjava.so
7fddde3ff000-7fddde5ff000 ---p 0002a000 fd:01 1326278                    /usr/java/jdk1.8.0_73/jre/lib/amd64/libjava.so
7fddde5ff000-7fddde601000 rw-p 0002a000 fd:01 1326278                    /usr/java/jdk1.8.0_73/jre/lib/amd64/libjava.so
7fddde601000-7fddde60e000 r-xp 00000000 fd:01 1326313                    /usr/java/jdk1.8.0_73/jre/lib/amd64/libverify.so
7fddde60e000-7fddde80e000 ---p 0000d000 fd:01 1326313                    /usr/java/jdk1.8.0_73/jre/lib/amd64/libverify.so
7fddde80e000-7fddde810000 rw-p 0000d000 fd:01 1326313                    /usr/java/jdk1.8.0_73/jre/lib/amd64/libverify.so
7fddde810000-7fddde817000 r-xp 00000000 fd:01 1188027                    /usr/lib64/librt-2.18.so
7fddde817000-7fdddea16000 ---p 00007000 fd:01 1188027                    /usr/lib64/librt-2.18.so
7fdddea16000-7fdddea17000 r--p 00006000 fd:01 1188027                    /usr/lib64/librt-2.18.so
7fdddea17000-7fdddea18000 rw-p 00007000 fd:01 1188027                    /usr/lib64/librt-2.18.so
7fdddea18000-7fdddeb1d000 r-xp 00000000 fd:01 1187549                    /usr/lib64/libm-2.18.so
7fdddeb1d000-7fddded1d000 ---p 00105000 fd:01 1187549                    /usr/lib64/libm-2.18.so
7fddded1d000-7fddded1e000 r--p 00105000 fd:01 1187549                    /usr/lib64/libm-2.18.so
7fddded1e000-7fddded1f000 rw-p 00106000 fd:01 1187549                    /usr/lib64/libm-2.18.so
7fddded1f000-7fdddf9de000 r-xp 00000000 fd:01 1326318                    /usr/java/jdk1.8.0_73/jre/lib/amd64/server/libjvm.so
7fdddf9de000-7fdddfbdd000 ---p 00cbf000 fd:01 1326318                    /usr/java/jdk1.8.0_73/jre/lib/amd64/server/libjvm.so
7fdddfbdd000-7fdddfcb6000 rw-p 00cbe000 fd:01 1326318                    /usr/java/jdk1.8.0_73/jre/lib/amd64/server/libjvm.so
7fdddfcb6000-7fdddfcff000 rw-p 00000000 00:00 0 
7fdddfcff000-7fdddfeb3000 r-xp 00000000 fd:01 1187436                    /usr/lib64/libc-2.18.so
7fdddfeb3000-7fdde00b3000 ---p 001b4000 fd:01 1187436                    /usr/lib64/libc-2.18.so
7fdde00b3000-7fdde00b7000 r--p 001b4000 fd:01 1187436                    /usr/lib64/libc-2.18.so
7fdde00b7000-7fdde00b9000 rw-p 001b8000 fd:01 1187436                    /usr/lib64/libc-2.18.so
7fdde00b9000-7fdde00be000 rw-p 00000000 00:00 0 
7fdde00be000-7fdde00c1000 r-xp 00000000 fd:01 1187526                    /usr/lib64/libdl-2.18.so
7fdde00c1000-7fdde02c0000 ---p 00003000 fd:01 1187526                    /usr/lib64/libdl-2.18.so
7fdde02c0000-7fdde02c1000 r--p 00002000 fd:01 1187526                    /usr/lib64/libdl-2.18.so
7fdde02c1000-7fdde02c2000 rw-p 00003000 fd:01 1187526                    /usr/lib64/libdl-2.18.so
7fdde02c2000-7fdde02d7000 r-xp 00000000 fd:01 1450497                    /usr/java/jdk1.8.0_73/lib/amd64/jli/libjli.so
7fdde02d7000-7fdde04d7000 ---p 00015000 fd:01 1450497                    /usr/java/jdk1.8.0_73/lib/amd64/jli/libjli.so
7fdde04d7000-7fdde04d8000 rw-p 00015000 fd:01 1450497                    /usr/java/jdk1.8.0_73/lib/amd64/jli/libjli.so
7fdde04d8000-7fdde04f0000 r-xp 00000000 fd:01 1187927                    /usr/lib64/libpthread-2.18.so
7fdde04f0000-7fdde06ef000 ---p 00018000 fd:01 1187927                    /usr/lib64/libpthread-2.18.so
7fdde06ef000-7fdde06f0000 r--p 00017000 fd:01 1187927                    /usr/lib64/libpthread-2.18.so
7fdde06f0000-7fdde06f1000 rw-p 00018000 fd:01 1187927                    /usr/lib64/libpthread-2.18.so
7fdde06f1000-7fdde06f5000 rw-p 00000000 00:00 0 
7fdde06f5000-7fdde0715000 r-xp 00000000 fd:01 1180345                    /usr/lib64/ld-2.18.so
7fdde0715000-7fdde07e7000 rw-p 00000000 00:00 0 
7fdde07e7000-7fdde07ea000 ---p 00000000 00:00 0 
7fdde07ea000-7fdde08ec000 rw-p 00000000 00:00 0                          [stack:11574]
7fdde08ec000-7fdde08f5000 r--s 00050000 fd:02 10488908                   /home/alig2x/AndroidStudioProjects/TFL-LiveTrafficDisruptionProject-master/TFL-LiveTrafficDisruptionProject-master/LTD/app/build/intermediates/exploded-aar/com.google.android.gms/play-services-fitness/7.5.0/jars/classes.jar
7fdde08f5000-7fdde0909000 rw-p 00000000 00:00 0 
7fdde0909000-7fdde0911000 rw-s 00000000 00:23 860593                     /tmp/hsperfdata_alig2x/11572
7fdde0911000-7fdde0912000 rw-p 00000000 00:00 0 
7fdde0912000-7fdde0913000 r--p 00000000 00:00 0 
7fdde0913000-7fdde0914000 rw-p 00000000 00:00 0 
7fdde0914000-7fdde0915000 r--p 0001f000 fd:01 1180345                    /usr/lib64/ld-2.18.so
7fdde0915000-7fdde0916000 rw-p 00020000 fd:01 1180345                    /usr/lib64/ld-2.18.so
7fdde0916000-7fdde0917000 rw-p 00000000 00:00 0 
7ffff5579000-7ffff559a000 rw-p 00000000 00:00 0                          [stack]
7ffff55fc000-7ffff55fe000 r--p 00000000 00:00 0                          [vvar]
7ffff55fe000-7ffff5600000 r-xp 00000000 00:00 0                          [vdso]
ffffffffff600000-ffffffffff601000 r-xp 00000000 00:00 0                  [vsyscall]

VM Arguments:
jvm_args: -Djava.awt.headless=true -Xmx1024M -Dfile.encoding=UTF-8 -Duser.country=US -Duser.language=en -Duser.variant 
java_command: com.android.dx.command.Main --dex --output /home/alig2x/AndroidStudioProjects/TFL-LiveTrafficDisruptionProject-master/TFL-LiveTrafficDisruptionProject-master/LTD/app/build/intermediates/pre-dexed/debug/com.google.android.gms-play-services-fitness-7.5.0_8ae38827d3d88ec07693c88141d71921a7cdb44b.jar /home/alig2x/AndroidStudioProjects/TFL-LiveTrafficDisruptionProject-master/TFL-LiveTrafficDisruptionProject-master/LTD/app/build/intermediates/exploded-aar/com.google.android.gms/play-services-fitness/7.5.0/jars/classes.jar
java_class_path (initial): /home/alig2x/Android/Sdk/build-tools/22.0.1/lib/dx.jar
Launcher Type: SUN_STANDARD

Environment Variables:
PATH=/usr/lib64/qt-3.3/bin:/usr/local/bin:/usr/bin:/bin:/usr/local/sbin:/usr/sbin:/home/alig2x/.local/bin:/home/alig2x/bin
USERNAME=alig2x
LD_LIBRARY_PATH=/home/alig2x/android-studio/bin:
SHELL=/bin/bash
DISPLAY=:0

Signal Handlers:
SIGSEGV: [libjvm.so+0xabafa0], sa_mask[0]=11111111011111111101111111111110, sa_flags=SA_RESTART|SA_SIGINFO
SIGBUS: [libjvm.so+0xabafa0], sa_mask[0]=11111111011111111101111111111110, sa_flags=SA_RESTART|SA_SIGINFO
SIGFPE: [libjvm.so+0x9183c0], sa_mask[0]=11111111011111111101111111111110, sa_flags=SA_RESTART|SA_SIGINFO
SIGPIPE: [libjvm.so+0x9183c0], sa_mask[0]=11111111011111111101111111111110, sa_flags=SA_RESTART|SA_SIGINFO
SIGXFSZ: [libjvm.so+0x9183c0], sa_mask[0]=11111111011111111101111111111110, sa_flags=SA_RESTART|SA_SIGINFO
SIGILL: [libjvm.so+0x9183c0], sa_mask[0]=11111111011111111101111111111110, sa_flags=SA_RESTART|SA_SIGINFO
SIGUSR1: SIG_DFL, sa_mask[0]=00000000000000000000000000000000, sa_flags=none
SIGUSR2: [libjvm.so+0x9199f0], sa_mask[0]=00100000000000000000000000000000, sa_flags=SA_RESTART|SA_SIGINFO
SIGHUP: [libjvm.so+0x91adf0], sa_mask[0]=11111111011111111101111111111110, sa_flags=SA_RESTART|SA_SIGINFO
SIGINT: [libjvm.so+0x91adf0], sa_mask[0]=11111111011111111101111111111110, sa_flags=SA_RESTART|SA_SIGINFO
SIGTERM: [libjvm.so+0x91adf0], sa_mask[0]=11111111011111111101111111111110, sa_flags=SA_RESTART|SA_SIGINFO
SIGQUIT: [libjvm.so+0x91adf0], sa_mask[0]=11111111011111111101111111111110, sa_flags=SA_RESTART|SA_SIGINFO


---------------  S Y S T E M  ---------------

OS:Fedora release 20 (Heisenbug)

uname:Linux 3.17.8-200.fc20.x86_64 #1 SMP Thu Jan 8 23:26:57 UTC 2015 x86_64
libc:glibc 2.18 NPTL 2.18 
rlimit: STACK 8192k, CORE 0k, NPROC 1024, NOFILE 4096, AS infinity
load average:4.14 1.55 1.14

/proc/meminfo:
MemTotal:        6005592 kB
MemFree:         1609292 kB
MemAvailable:    2089160 kB
Buffers:           58524 kB
Cached:           701676 kB
SwapCached:        26908 kB
Active:          3308668 kB
Inactive:         720880 kB
Active(anon):    2928052 kB
Inactive(anon):   527768 kB
Active(file):     380616 kB
Inactive(file):   193112 kB
Unevictable:         128 kB
Mlocked:             128 kB
SwapTotal:      24907772 kB
SwapFree:       24686356 kB
Dirty:               840 kB
Writeback:             0 kB
AnonPages:       3251336 kB
Mapped:           246100 kB
Shmem:            186472 kB
Slab:             207396 kB
SReclaimable:     150148 kB
SUnreclaim:        57248 kB
KernelStack:       10656 kB
PageTables:        38748 kB
NFS_Unstable:          0 kB
Bounce:                0 kB
WritebackTmp:          0 kB
CommitLimit:    27910568 kB
Committed_AS:    7591332 kB
VmallocTotal:   34359738367 kB
VmallocUsed:      387072 kB
VmallocChunk:   34359336216 kB
HardwareCorrupted:     0 kB
AnonHugePages:         0 kB
HugePages_Total:       0
HugePages_Free:        0
HugePages_Rsvd:        0
HugePages_Surp:        0
Hugepagesize:       2048 kB
DirectMap4k:      116176 kB
DirectMap2M:     6070272 kB


CPU:total 4 (2 cores per cpu, 2 threads per core) family 6 model 42 stepping 7, cmov, cx8, fxsr, mmx, sse, sse2, sse3, ssse3, sse4.1, sse4.2, popcnt, avx, aes, clmul, ht, tsc, tscinvbit

/proc/cpuinfo:
processor	: 0
vendor_id	: GenuineIntel
cpu family	: 6
model		: 42
model name	: Intel(R) Core(TM) i7-2620M CPU @ 2.70GHz
stepping	: 7
microcode	: 0x29
cpu MHz		: 3199.921
cache size	: 4096 KB
physical id	: 0
siblings	: 4
core id		: 0
cpu cores	: 2
apicid		: 0
initial apicid	: 0
fpu		: yes
fpu_exception	: yes
cpuid level	: 13
wp		: yes
flags		: fpu vme de pse tsc msr pae mce cx8 apic sep mtrr pge mca cmov pat pse36 clflush dts acpi mmx fxsr sse sse2 ss ht tm pbe syscall nx rdtscp lm constant_tsc arch_perfmon pebs bts rep_good nopl xtopology nonstop_tsc aperfmperf eagerfpu pni pclmulqdq dtes64 monitor ds_cpl vmx smx est tm2 ssse3 cx16 xtpr pdcm pcid sse4_1 sse4_2 x2apic popcnt tsc_deadline_timer aes xsave avx lahf_lm ida arat epb pln pts dtherm tpr_shadow vnmi flexpriority ept vpid xsaveopt
bugs		:
bogomips	: 5387.72
clflush size	: 64
cache_alignment	: 64
address sizes	: 36 bits physical, 48 bits virtual
power management:

processor	: 1
vendor_id	: GenuineIntel
cpu family	: 6
model		: 42
model name	: Intel(R) Core(TM) i7-2620M CPU @ 2.70GHz
stepping	: 7
microcode	: 0x29
cpu MHz		: 3199.921
cache size	: 4096 KB
physical id	: 0
siblings	: 4
core id		: 1
cpu cores	: 2
apicid		: 2
initial apicid	: 2
fpu		: yes
fpu_exception	: yes
cpuid level	: 13
wp		: yes
flags		: fpu vme de pse tsc msr pae mce cx8 apic sep mtrr pge mca cmov pat pse36 clflush dts acpi mmx fxsr sse sse2 ss ht tm pbe syscall nx rdtscp lm constant_tsc arch_perfmon pebs bts rep_good nopl xtopology nonstop_tsc aperfmperf eagerfpu pni pclmulqdq dtes64 monitor ds_cpl vmx smx est tm2 ssse3 cx16 xtpr pdcm pcid sse4_1 sse4_2 x2apic popcnt tsc_deadline_timer aes xsave avx lahf_lm ida arat epb pln pts dtherm tpr_shadow vnmi flexpriority ept vpid xsaveopt
bugs		:
bogomips	: 5387.72
clflush size	: 64
cache_alignment	: 64
address sizes	: 36 bits physical, 48 bits virtual
power management:

processor	: 2
vendor_id	: GenuineIntel
cpu family	: 6
model		: 42
model name	: Intel(R) Core(TM) i7-2620M CPU @ 2.70GHz
stepping	: 7
microcode	: 0x29
cpu MHz		: 3199.921
cache size	: 4096 KB
physical id	: 0
siblings	: 4
core id		: 0
cpu cores	: 2
apicid		: 1
initial apicid	: 1
fpu		: yes
fpu_exception	: yes
cpuid level	: 13
wp		: yes
flags		: fpu vme de pse tsc msr pae mce cx8 apic sep mtrr pge mca cmov pat pse36 clflush dts acpi mmx fxsr sse sse2 ss ht tm pbe syscall nx rdtscp lm constant_tsc arch_perfmon pebs bts rep_good nopl xtopology nonstop_tsc aperfmperf eagerfpu pni pclmulqdq dtes64 monitor ds_cpl vmx smx est tm2 ssse3 cx16 xtpr pdcm pcid sse4_1 sse4_2 x2apic popcnt tsc_deadline_timer aes xsave avx lahf_lm ida arat epb pln pts dtherm tpr_shadow vnmi flexpriority ept vpid xsaveopt
bugs		:
bogomips	: 5387.72
clflush size	: 64
cache_alignment	: 64
address sizes	: 36 bits physical, 48 bits virtual
power management:

processor	: 3
vendor_id	: GenuineIntel
cpu family	: 6
model		: 42
model name	: Intel(R) Core(TM) i7-2620M CPU @ 2.70GHz
stepping	: 7
microcode	: 0x29
cpu MHz		: 3199.921
cache size	: 4096 KB
physical id	: 0
siblings	: 4
core id		: 1
cpu cores	: 2
apicid		: 3
initial apicid	: 3
fpu		: yes
fpu_exception	: yes
cpuid level	: 13
wp		: yes
flags		: fpu vme de pse tsc msr pae mce cx8 apic sep mtrr pge mca cmov pat pse36 clflush dts acpi mmx fxsr sse sse2 ss ht tm pbe syscall nx rdtscp lm constant_tsc arch_perfmon pebs bts rep_good nopl xtopology nonstop_tsc aperfmperf eagerfpu pni pclmulqdq dtes64 monitor ds_cpl vmx smx est tm2 ssse3 cx16 xtpr pdcm pcid sse4_1 sse4_2 x2apic popcnt tsc_deadline_timer aes xsave avx lahf_lm ida arat epb pln pts dtherm tpr_shadow vnmi flexpriority ept vpid xsaveopt
bugs		:
bogomips	: 5387.72
clflush size	: 64
cache_alignment	: 64
address sizes	: 36 bits physical, 48 bits virtual
power management:



Memory: 4k page, physical 6005592k(1609168k free), swap 24907772k(24686356k free)

vm_info: Java HotSpot(TM) 64-Bit Server VM (25.73-b02) for linux-amd64 JRE (1.8.0_73-b02), built on Jan 29 2016 17:39:45 by "java_re" with gcc 4.3.0 20080428 (Red Hat 4.3.0-8)

time: Fri Mar  4 15:26:28 2016
elapsed time: 6 seconds (0d 0h 0m 6s)

