#
# A fatal error has been detected by the Java Runtime Environment:
#
#  SIGSEGV (0xb) at pc=0x00007fe50dd14c6b, pid=11611, tid=140621271971584
#
# JRE version: Java(TM) SE Runtime Environment (8.0_73-b02) (build 1.8.0_73-b02)
# Java VM: Java HotSpot(TM) 64-Bit Server VM (25.73-b02 mixed mode linux-amd64 compressed oops)
# Problematic frame:
# V  [libjvm.so+0x40bc6b]  PhaseChaitin::bias_color(LRG&, int)+0x8b
#
# Failed to write core dump. Core dumps have been disabled. To enable core dumping, try "ulimit -c unlimited" before starting Java again
#
# If you would like to submit a bug report, please visit:
#   http://bugreport.java.com/bugreport/crash.jsp
#

---------------  T H R E A D  ---------------

Current thread (0x00007fe5080ba800):  JavaThread "C2 CompilerThread1" daemon [_thread_in_native, id=11625, stack(0x00007fe4f0e6b000,0x00007fe4f0f6c000)]

siginfo: si_signo: 11 (SIGSEGV), si_code: 2 (SEGV_ACCERR), si_addr: 0x00007fe50515d5e0

Registers:
RAX=0x0000000000000000, RBX=0x0000000010000000, RCX=0x00007fe50e8b0320, RDX=0x0000000000000000
RSP=0x00007fe4f0f67570, RBP=0x00007fe4f0f67620, RSI=0x0000000000000000, RDI=0x00007fe4c515d5e0
R8 =0x0000000010000000, R9 =0x0000000000000000, R10=0x0000000000000000, R11=0x0000000000000000
R12=0x00007fe4f0f68f50, R13=0x00007fe4c51ddd98, R14=0x000000000000013f, R15=0x0000000000000000
RIP=0x00007fe50dd14c6b, EFLAGS=0x0000000000010246, CSGSFS=0x0000000000000033, ERR=0x0000000000000004
  TRAPNO=0x000000000000000e

Top of Stack: (sp=0x00007fe4f0f67570)
0x00007fe4f0f67570:   0000000002000000 0000000000000d79
0x00007fe4f0f67580:   00007fe4f0f67830 0000000000000003
0x00007fe4f0f67590:   00007fe4f0f67620 00007fe50df3b309
0x00007fe4f0f675a0:   00007fe4f0f675b0 0000000000000068
0x00007fe4f0f675b0:   00000d7d00000000 00007fe400000008
0x00007fe4f0f675c0:   00007fe4c48b7f80 000000000000003a
0x00007fe4f0f675d0:   00007fe4b83993f0 000000000000003a
0x00007fe4f0f675e0:   00007fe4c4e43380 00007fe4f0f67620
0x00007fe4f0f675f0:   00007fe4f0f68f50 00007fe4c51ddd98
0x00007fe4f0f67600:   0000000000000000 00007fe4f0f68f50
0x00007fe4f0f67610:   000000000000013f 00007fe4c51dddd0
0x00007fe4f0f67620:   00007fe4f0f676c0 00007fe50dd153b4
0x00007fe4f0f67630:   00007fe4c53451a0 00007fe4f0f67650
0x00007fe4f0f67640:   0000000000086ba0 ffffffff00007535
0x00007fe4f0f67650:   00000d7d00000000 00007fe400000008
0x00007fe4f0f67660:   00007fe4c48b7f80 00007fe50000003a
0x00007fe4f0f67670:   00007fe4b83993f0 000000000000003a
0x00007fe4f0f67680:   00007fe4c4e43380 000000000000003a
0x00007fe4f0f67690:   00007fe4c4de3160 00007fe4f0f68f50
0x00007fe4f0f676a0:   000000000000390d 00000000000000a0
0x00007fe4f0f676b0:   00007fe4f0f69038 0000000000000001
0x00007fe4f0f676c0:   00007fe4f0f67930 00007fe50dd16087
0x00007fe4f0f676d0:   00007fe4c0cb2b10 00007fe4f0f67870
0x00007fe4f0f676e0:   00007fe4f0f67830 00007fe4f0f67710
0x00007fe4f0f676f0:   00007fe4f0f677d0 00007fe4f0f678a0
0x00007fe4f0f67700:   00007fe4f0f68f50 00000009000006f1
0x00007fe4f0f67710:   00007fe50e84e5b0 000000000000000c
0x00007fe4f0f67720:   00007fe4f0f69dd0 00007fe4f0f68f50
0x00007fe4f0f67730:   00007fe400000001 00007fe4c544c430
0x00007fe4f0f67740:   00007fe4f0f677b0 00007fe50e881df8
0x00007fe4f0f67750:   00007fe4f0f67790 00007fe50e21d655
0x00007fe4f0f67760:   0000000c00000007 00007fe50e373e76 

Instructions: (pc=0x00007fe50dd14c6b)
0x00007fe50dd14c4b:   fa 43 89 0c 88 75 e6 89 d6 85 f6 0f 85 e4 02 00
0x00007fe50dd14c5b:   00 41 8b 5d 24 49 8b bc 24 08 01 00 00 4c 63 c3
0x00007fe50dd14c6b:   42 8b 14 87 39 d3 74 1d 89 d6 eb 0b 66 0f 1f 84
0x00007fe50dd14c7b:   00 00 00 00 00 89 ce 48 63 c6 8b 0c 87 39 f1 75 

Register to memory mapping:

RAX=0x0000000000000000 is an unknown value
RBX=0x0000000010000000 is an unknown value
RCX=0x00007fe50e8b0320: <offset 0xfa7320> in /usr/java/jdk1.8.0_73/jre/lib/amd64/server/libjvm.so at 0x00007fe50d909000
RDX=0x0000000000000000 is an unknown value
RSP=0x00007fe4f0f67570 is pointing into the stack for thread: 0x00007fe5080ba800
RBP=0x00007fe4f0f67620 is pointing into the stack for thread: 0x00007fe5080ba800
RSI=0x0000000000000000 is an unknown value
RDI=0x00007fe4c515d5e0 is an unknown value
R8 =0x0000000010000000 is an unknown value
R9 =0x0000000000000000 is an unknown value
R10=0x0000000000000000 is an unknown value
R11=0x0000000000000000 is an unknown value
R12=0x00007fe4f0f68f50 is pointing into the stack for thread: 0x00007fe5080ba800
R13=0x00007fe4c51ddd98 is an unknown value
R14=0x000000000000013f is an unknown value
R15=0x0000000000000000 is an unknown value


Stack: [0x00007fe4f0e6b000,0x00007fe4f0f6c000],  sp=0x00007fe4f0f67570,  free space=1009k
Native frames: (J=compiled Java code, j=interpreted, Vv=VM code, C=native code)
V  [libjvm.so+0x40bc6b]  PhaseChaitin::bias_color(LRG&, int)+0x8b
V  [libjvm.so+0x40c3b4]  PhaseChaitin::Select()+0x1e4
V  [libjvm.so+0x40d087]  PhaseChaitin::Register_Allocate()+0xae7
V  [libjvm.so+0x49fc10]  Compile::Code_Gen()+0x260
V  [libjvm.so+0x4a3062]  Compile::Compile(ciEnv*, C2Compiler*, ciMethod*, int, bool, bool, bool)+0x14b2
V  [libjvm.so+0x3f0808]  C2Compiler::compile_method(ciEnv*, ciMethod*, int)+0x198
V  [libjvm.so+0x4ad46a]  CompileBroker::invoke_compiler_on_method(CompileTask*)+0xc9a
V  [libjvm.so+0x4ae416]  CompileBroker::compiler_thread_loop()+0x5d6
V  [libjvm.so+0xa69cff]  JavaThread::thread_main_inner()+0xdf
V  [libjvm.so+0xa69e2c]  JavaThread::run()+0x11c
V  [libjvm.so+0x91d918]  java_start(Thread*)+0x108
C  [libpthread.so.0+0x7f33]  start_thread+0xc3


Current CompileTask:
C2:  10705 1853   !   4       com.android.dx.cf.code.Ropper::processBlock (1101 bytes)


---------------  P R O C E S S  ---------------

Java Threads: ( => current thread )
  0x00007fe5080c1000 JavaThread "Service Thread" daemon [_thread_blocked, id=11627, stack(0x00007fe4f0c69000,0x00007fe4f0d6a000)]
  0x00007fe5080bc800 JavaThread "C1 CompilerThread2" daemon [_thread_blocked, id=11626, stack(0x00007fe4f0d6a000,0x00007fe4f0e6b000)]
=>0x00007fe5080ba800 JavaThread "C2 CompilerThread1" daemon [_thread_in_native, id=11625, stack(0x00007fe4f0e6b000,0x00007fe4f0f6c000)]
  0x00007fe5080b7800 JavaThread "C2 CompilerThread0" daemon [_thread_in_native, id=11624, stack(0x00007fe4f0f6c000,0x00007fe4f106d000)]
  0x00007fe5080b6000 JavaThread "Signal Dispatcher" daemon [_thread_blocked, id=11623, stack(0x00007fe4f106d000,0x00007fe4f116e000)]
  0x00007fe50807e000 JavaThread "Finalizer" daemon [_thread_blocked, id=11622, stack(0x00007fe4f116e000,0x00007fe4f126f000)]
  0x00007fe50807c000 JavaThread "Reference Handler" daemon [_thread_blocked, id=11621, stack(0x00007fe4f126f000,0x00007fe4f1370000)]
  0x00007fe508009000 JavaThread "main" [_thread_in_vm, id=11613, stack(0x00007fe50f3d1000,0x00007fe50f4d2000)]

Other Threads:
  0x00007fe508076800 VMThread [stack: 0x00007fe4f1370000,0x00007fe4f1471000] [id=11620]
  0x00007fe5080c4000 WatcherThread [stack: 0x00007fe4f0b68000,0x00007fe4f0c69000] [id=11628]

VM state:not at safepoint (normal execution)

VM Mutex/Monitor currently owned by a thread: None

Heap:
 PSYoungGen      total 107008K, used 106431K [0x00000000eab00000, 0x00000000f2400000, 0x0000000100000000)
  eden space 94720K, 99% used [0x00000000eab00000,0x00000000f0763038,0x00000000f0780000)
  from space 12288K, 96% used [0x00000000f1500000,0x00000000f208cbe0,0x00000000f2100000)
  to   space 13824K, 0% used [0x00000000f0780000,0x00000000f0780000,0x00000000f1500000)
 ParOldGen       total 62976K, used 22147K [0x00000000c0000000, 0x00000000c3d80000, 0x00000000eab00000)
  object space 62976K, 35% used [0x00000000c0000000,0x00000000c15a0c30,0x00000000c3d80000)
 Metaspace       used 6162K, capacity 7280K, committed 7552K, reserved 1056768K
  class space    used 567K, capacity 616K, committed 640K, reserved 1048576K

Card table byte_map: [0x00007fe50c5d7000,0x00007fe50c7d8000] byte_map_base: 0x00007fe50bfd7000

Marking Bits: (ParMarkBitMap*) 0x00007fe50e8be100
 Begin Bits: [0x00007fe4f2000000, 0x00007fe4f3000000)
 End Bits:   [0x00007fe4f3000000, 0x00007fe4f4000000)

Polling page: 0x00007fe50f4fc000

CodeCache: size=245760Kb used=8336Kb max_used=8336Kb free=237423Kb
 bounds [0x00007fe4f9000000, 0x00007fe4f9830000, 0x00007fe508000000]
 total_blobs=2224 nmethods=1960 adapters=178
 compilation: enabled

Compilation events (10 events):
Event: 10.671 Thread 0x00007fe5080bc800 2049       2       com.android.dx.dex.code.CstInsn::setIndex (37 bytes)
Event: 10.672 Thread 0x00007fe5080bc800 nmethod 2049 0x00007fe4f9826710 code [0x00007fe4f98268a0, 0x00007fe4f9826b58]
Event: 10.672 Thread 0x00007fe5080bc800 2050       1       com.android.dx.dex.code.form.Form21c::codeSize (2 bytes)
Event: 10.673 Thread 0x00007fe5080bc800 nmethod 2050 0x00007fe4f9826c90 code [0x00007fe4f9826de0, 0x00007fe4f9826ef0]
Event: 10.673 Thread 0x00007fe5080bc800 2051       1       com.android.dx.dex.code.form.Form11x::codeSize (2 bytes)
Event: 10.673 Thread 0x00007fe5080bc800 nmethod 2051 0x00007fe4f9826f50 code [0x00007fe4f98270a0, 0x00007fe4f98271b0]
Event: 10.673 Thread 0x00007fe5080bc800 2052       2       com.android.dx.util.FixedSizeList::equals (41 bytes)
Event: 10.673 Thread 0x00007fe5080bc800 nmethod 2052 0x00007fe4f9827210 code [0x00007fe4f9827380, 0x00007fe4f9827588]
Event: 10.683 Thread 0x00007fe5080bc800 2053       2       com.android.dx.dex.file.TypeIdsSection::get (71 bytes)
Event: 10.684 Thread 0x00007fe5080bc800 nmethod 2053 0x00007fe4f9827690 code [0x00007fe4f9827880, 0x00007fe4f9827ed8]

GC Heap History (10 events):
Event: 3.648 GC heap before
{Heap before GC invocations=2 (full 0):
 PSYoungGen      total 27648K, used 27626K [0x00000000eab00000, 0x00000000ec980000, 0x0000000100000000)
  eden space 24064K, 100% used [0x00000000eab00000,0x00000000ec280000,0x00000000ec280000)
  from space 3584K, 99% used [0x00000000ec280000,0x00000000ec5faaa8,0x00000000ec600000)
  to   space 3584K, 0% used [0x00000000ec600000,0x00000000ec600000,0x00000000ec980000)
 ParOldGen       total 62976K, used 1684K [0x00000000c0000000, 0x00000000c3d80000, 0x00000000eab00000)
  object space 62976K, 2% used [0x00000000c0000000,0x00000000c01a5058,0x00000000c3d80000)
 Metaspace       used 5706K, capacity 6960K, committed 7040K, reserved 1056768K
  class space    used 549K, capacity 616K, committed 640K, reserved 1048576K
Event: 3.683 GC heap after
Heap after GC invocations=2 (full 0):
 PSYoungGen      total 27648K, used 3575K [0x00000000eab00000, 0x00000000ee100000, 0x0000000100000000)
  eden space 24064K, 0% used [0x00000000eab00000,0x00000000eab00000,0x00000000ec280000)
  from space 3584K, 99% used [0x00000000ec600000,0x00000000ec97dc88,0x00000000ec980000)
  to   space 3584K, 0% used [0x00000000ec280000,0x00000000ec280000,0x00000000ec600000)
 ParOldGen       total 62976K, used 5500K [0x00000000c0000000, 0x00000000c3d80000, 0x00000000eab00000)
  object space 62976K, 8% used [0x00000000c0000000,0x00000000c055f318,0x00000000c3d80000)
 Metaspace       used 5706K, capacity 6960K, committed 7040K, reserved 1056768K
  class space    used 549K, capacity 616K, committed 640K, reserved 1048576K
}
Event: 4.381 GC heap before
{Heap before GC invocations=3 (full 0):
 PSYoungGen      total 27648K, used 27639K [0x00000000eab00000, 0x00000000ee100000, 0x0000000100000000)
  eden space 24064K, 100% used [0x00000000eab00000,0x00000000ec280000,0x00000000ec280000)
  from space 3584K, 99% used [0x00000000ec600000,0x00000000ec97dc88,0x00000000ec980000)
  to   space 3584K, 0% used [0x00000000ec280000,0x00000000ec280000,0x00000000ec600000)
 ParOldGen       total 62976K, used 5500K [0x00000000c0000000, 0x00000000c3d80000, 0x00000000eab00000)
  object space 62976K, 8% used [0x00000000c0000000,0x00000000c055f318,0x00000000c3d80000)
 Metaspace       used 5801K, capacity 7024K, committed 7296K, reserved 1056768K
  class space    used 549K, capacity 616K, committed 640K, reserved 1048576K
Event: 4.420 GC heap after
Heap after GC invocations=3 (full 0):
 PSYoungGen      total 27648K, used 3578K [0x00000000eab00000, 0x00000000ee100000, 0x0000000100000000)
  eden space 24064K, 0% used [0x00000000eab00000,0x00000000eab00000,0x00000000ec280000)
  from space 3584K, 99% used [0x00000000ec280000,0x00000000ec5fe820,0x00000000ec600000)
  to   space 3584K, 0% used [0x00000000edd80000,0x00000000edd80000,0x00000000ee100000)
 ParOldGen       total 62976K, used 9979K [0x00000000c0000000, 0x00000000c3d80000, 0x00000000eab00000)
  object space 62976K, 15% used [0x00000000c0000000,0x00000000c09bef50,0x00000000c3d80000)
 Metaspace       used 5801K, capacity 7024K, committed 7296K, reserved 1056768K
  class space    used 549K, capacity 616K, committed 640K, reserved 1048576K
}
Event: 4.886 GC heap before
{Heap before GC invocations=4 (full 0):
 PSYoungGen      total 27648K, used 27642K [0x00000000eab00000, 0x00000000ee100000, 0x0000000100000000)
  eden space 24064K, 100% used [0x00000000eab00000,0x00000000ec280000,0x00000000ec280000)
  from space 3584K, 99% used [0x00000000ec280000,0x00000000ec5fe820,0x00000000ec600000)
  to   space 3584K, 0% used [0x00000000edd80000,0x00000000edd80000,0x00000000ee100000)
 ParOldGen       total 62976K, used 9979K [0x00000000c0000000, 0x00000000c3d80000, 0x00000000eab00000)
  object space 62976K, 15% used [0x00000000c0000000,0x00000000c09bef50,0x00000000c3d80000)
 Metaspace       used 5852K, capacity 7088K, committed 7296K, reserved 1056768K
  class space    used 549K, capacity 616K, committed 640K, reserved 1048576K
Event: 4.942 GC heap after
Heap after GC invocations=4 (full 0):
 PSYoungGen      total 51712K, used 3584K [0x00000000eab00000, 0x00000000ee100000, 0x0000000100000000)
  eden space 48128K, 0% used [0x00000000eab00000,0x00000000eab00000,0x00000000eda00000)
  from space 3584K, 100% used [0x00000000edd80000,0x00000000ee100000,0x00000000ee100000)
  to   space 3584K, 0% used [0x00000000eda00000,0x00000000eda00000,0x00000000edd80000)
 ParOldGen       total 62976K, used 14479K [0x00000000c0000000, 0x00000000c3d80000, 0x00000000eab00000)
  object space 62976K, 22% used [0x00000000c0000000,0x00000000c0e23f10,0x00000000c3d80000)
 Metaspace       used 5852K, capacity 7088K, committed 7296K, reserved 1056768K
  class space    used 549K, capacity 616K, committed 640K, reserved 1048576K
}
Event: 6.512 GC heap before
{Heap before GC invocations=5 (full 0):
 PSYoungGen      total 51712K, used 51712K [0x00000000eab00000, 0x00000000ee100000, 0x0000000100000000)
  eden space 48128K, 100% used [0x00000000eab00000,0x00000000eda00000,0x00000000eda00000)
  from space 3584K, 100% used [0x00000000edd80000,0x00000000ee100000,0x00000000ee100000)
  to   space 3584K, 0% used [0x00000000eda00000,0x00000000eda00000,0x00000000edd80000)
 ParOldGen       total 62976K, used 14479K [0x00000000c0000000, 0x00000000c3d80000, 0x00000000eab00000)
  object space 62976K, 22% used [0x00000000c0000000,0x00000000c0e23f10,0x00000000c3d80000)
 Metaspace       used 5887K, capacity 7088K, committed 7296K, reserved 1056768K
  class space    used 549K, capacity 616K, committed 640K, reserved 1048576K
Event: 6.590 GC heap after
Heap after GC invocations=5 (full 0):
 PSYoungGen      total 51712K, used 3562K [0x00000000eab00000, 0x00000000f2100000, 0x0000000100000000)
  eden space 48128K, 0% used [0x00000000eab00000,0x00000000eab00000,0x00000000eda00000)
  from space 3584K, 99% used [0x00000000eda00000,0x00000000edd7a9b0,0x00000000edd80000)
  to   space 12288K, 0% used [0x00000000f1500000,0x00000000f1500000,0x00000000f2100000)
 ParOldGen       total 62976K, used 22139K [0x00000000c0000000, 0x00000000c3d80000, 0x00000000eab00000)
  object space 62976K, 35% used [0x00000000c0000000,0x00000000c159ec30,0x00000000c3d80000)
 Metaspace       used 5887K, capacity 7088K, committed 7296K, reserved 1056768K
  class space    used 549K, capacity 616K, committed 640K, reserved 1048576K
}
Event: 7.919 GC heap before
{Heap before GC invocations=6 (full 0):
 PSYoungGen      total 51712K, used 51690K [0x00000000eab00000, 0x00000000f2100000, 0x0000000100000000)
  eden space 48128K, 100% used [0x00000000eab00000,0x00000000eda00000,0x00000000eda00000)
  from space 3584K, 99% used [0x00000000eda00000,0x00000000edd7a9b0,0x00000000edd80000)
  to   space 12288K, 0% used [0x00000000f1500000,0x00000000f1500000,0x00000000f2100000)
 ParOldGen       total 62976K, used 22139K [0x00000000c0000000, 0x00000000c3d80000, 0x00000000eab00000)
  object space 62976K, 35% used [0x00000000c0000000,0x00000000c159ec30,0x00000000c3d80000)
 Metaspace       used 5917K, capacity 7088K, committed 7296K, reserved 1056768K
  class space    used 549K, capacity 616K, committed 640K, reserved 1048576K
Event: 8.054 GC heap after
Heap after GC invocations=6 (full 0):
 PSYoungGen      total 107008K, used 11826K [0x00000000eab00000, 0x00000000f2400000, 0x0000000100000000)
  eden space 94720K, 0% used [0x00000000eab00000,0x00000000eab00000,0x00000000f0780000)
  from space 12288K, 96% used [0x00000000f1500000,0x00000000f208cbe0,0x00000000f2100000)
  to   space 13824K, 0% used [0x00000000f0780000,0x00000000f0780000,0x00000000f1500000)
 ParOldGen       total 62976K, used 22147K [0x00000000c0000000, 0x00000000c3d80000, 0x00000000eab00000)
  object space 62976K, 35% used [0x00000000c0000000,0x00000000c15a0c30,0x00000000c3d80000)
 Metaspace       used 5917K, capacity 7088K, committed 7296K, reserved 1056768K
  class space    used 549K, capacity 616K, committed 640K, reserved 1048576K
}

Deoptimization events (10 events):
Event: 10.169 Thread 0x00007fe508009000 Uncommon trap: reason=class_check action=maybe_recompile pc=0x00007fe4f954a53c method=java.util.Arrays.hashCode([Ljava/lang/Object;)I @ 43
Event: 10.169 Thread 0x00007fe508009000 Uncommon trap: reason=class_check action=maybe_recompile pc=0x00007fe4f954a53c method=java.util.Arrays.hashCode([Ljava/lang/Object;)I @ 43
Event: 10.169 Thread 0x00007fe508009000 Uncommon trap: reason=class_check action=maybe_recompile pc=0x00007fe4f94746f4 method=java.util.Arrays.hashCode([Ljava/lang/Object;)I @ 43
Event: 10.169 Thread 0x00007fe508009000 Uncommon trap: reason=unstable_if action=reinterpret pc=0x00007fe4f91ae040 method=java.lang.String.replace(CC)Ljava/lang/String; @ 26
Event: 10.259 Thread 0x00007fe508009000 Uncommon trap: reason=class_check action=maybe_recompile pc=0x00007fe4f959a2f8 method=java.util.HashMap.putVal(ILjava/lang/Object;Ljava/lang/Object;ZZ)Ljava/lang/Object; @ 203
Event: 10.263 Thread 0x00007fe508009000 Uncommon trap: reason=class_check action=maybe_recompile pc=0x00007fe4f959a2f8 method=java.util.HashMap.putVal(ILjava/lang/Object;Ljava/lang/Object;ZZ)Ljava/lang/Object; @ 203
Event: 10.644 Thread 0x00007fe508009000 Uncommon trap: reason=speculate_class_check action=maybe_recompile pc=0x00007fe4f935abe4 method=com.android.dx.util.FixedSizeList.equals(Ljava/lang/Object;)Z @ 25
Event: 10.644 Thread 0x00007fe508009000 Uncommon trap: reason=speculate_class_check action=maybe_recompile pc=0x00007fe4f935abe4 method=com.android.dx.util.FixedSizeList.equals(Ljava/lang/Object;)Z @ 25
Event: 10.644 Thread 0x00007fe508009000 Uncommon trap: reason=speculate_class_check action=maybe_recompile pc=0x00007fe4f935abe4 method=com.android.dx.util.FixedSizeList.equals(Ljava/lang/Object;)Z @ 25
Event: 10.644 Thread 0x00007fe508009000 Uncommon trap: reason=speculate_class_check action=maybe_recompile pc=0x00007fe4f935abe4 method=com.android.dx.util.FixedSizeList.equals(Ljava/lang/Object;)Z @ 25

Internal exceptions (4 events):
Event: 0.124 Thread 0x00007fe508009000 Exception <a 'java/lang/NoSuchMethodError': Method sun.misc.Unsafe.defineClass(Ljava/lang/String;[BII)Ljava/lang/Class; name or signature does not match> (0x00000000eab12bf8) thrown at [/HUDSON3/workspace/8-2-build-linux-amd64/jdk8u73/6086/hotspot/src/sha
Event: 0.124 Thread 0x00007fe508009000 Exception <a 'java/lang/NoSuchMethodError': Method sun.misc.Unsafe.prefetchRead(Ljava/lang/Object;J)V name or signature does not match> (0x00000000eab12ee0) thrown at [/HUDSON3/workspace/8-2-build-linux-amd64/jdk8u73/6086/hotspot/src/share/vm/prims/jni.cp
Event: 4.062 Thread 0x00007fe508009000 Implicit null exception at 0x00007fe4f944f522 to 0x00007fe4f944f613
Event: 5.747 Thread 0x00007fe508009000 Implicit null exception at 0x00007fe4f96d5845 to 0x00007fe4f96d7b55

Events (10 events):
Event: 10.644 Thread 0x00007fe508009000 Uncommon trap: trap_request=0xffffff76 fr.pc=0x00007fe4f935abe4
Event: 10.644 Thread 0x00007fe508009000 DEOPT PACKING pc=0x00007fe4f935abe4 sp=0x00007fe50f4d0160
Event: 10.644 Thread 0x00007fe508009000 DEOPT UNPACKING pc=0x00007fe4f9005229 sp=0x00007fe50f4d0140 mode 2
Event: 10.644 Thread 0x00007fe508009000 Uncommon trap: trap_request=0xffffff76 fr.pc=0x00007fe4f935abe4
Event: 10.644 Thread 0x00007fe508009000 DEOPT PACKING pc=0x00007fe4f935abe4 sp=0x00007fe50f4d0160
Event: 10.644 Thread 0x00007fe508009000 DEOPT UNPACKING pc=0x00007fe4f9005229 sp=0x00007fe50f4d0140 mode 2
Event: 10.644 loading class com/android/dx/dex/code/CatchTable$Entry
Event: 10.644 loading class com/android/dx/dex/code/CatchTable$Entry done
Event: 10.645 loading class com/android/dx/util/ByteArrayAnnotatedOutput
Event: 10.645 loading class com/android/dx/util/ByteArrayAnnotatedOutput done


Dynamic libraries:
00400000-00401000 r-xp 00000000 fd:01 1326129                            /usr/java/jdk1.8.0_73/bin/java
00600000-00601000 rw-p 00000000 fd:01 1326129                            /usr/java/jdk1.8.0_73/bin/java
02318000-02339000 rw-p 00000000 00:00 0                                  [heap]
c0000000-c3d80000 rw-p 00000000 00:00 0 
c3d80000-eab00000 ---p 00000000 00:00 0 
eab00000-f2400000 rw-p 00000000 00:00 0 
f2400000-100000000 ---p 00000000 00:00 0 
100000000-1000a0000 rw-p 00000000 00:00 0 
1000a0000-140000000 ---p 00000000 00:00 0 
7fe4b0000000-7fe4b0021000 rw-p 00000000 00:00 0 
7fe4b0021000-7fe4b4000000 ---p 00000000 00:00 0 
7fe4b8000000-7fe4b8c62000 rw-p 00000000 00:00 0 
7fe4b8c62000-7fe4bc000000 ---p 00000000 00:00 0 
7fe4bc000000-7fe4bc021000 rw-p 00000000 00:00 0 
7fe4bc021000-7fe4c0000000 ---p 00000000 00:00 0 
7fe4c0000000-7fe4c12dc000 rw-p 00000000 00:00 0 
7fe4c12dc000-7fe4c4000000 ---p 00000000 00:00 0 
7fe4c4000000-7fe4c56d8000 rw-p 00000000 00:00 0 
7fe4c56d8000-7fe4c8000000 ---p 00000000 00:00 0 
7fe4c8000000-7fe4c8021000 rw-p 00000000 00:00 0 
7fe4c8021000-7fe4cc000000 ---p 00000000 00:00 0 
7fe4cdad7000-7fe4d4000000 r--p 00000000 fd:01 1190293                    /usr/lib/locale/locale-archive
7fe4d4000000-7fe4d4021000 rw-p 00000000 00:00 0 
7fe4d4021000-7fe4d8000000 ---p 00000000 00:00 0 
7fe4d8000000-7fe4d8021000 rw-p 00000000 00:00 0 
7fe4d8021000-7fe4dc000000 ---p 00000000 00:00 0 
7fe4dc000000-7fe4dc021000 rw-p 00000000 00:00 0 
7fe4dc021000-7fe4e0000000 ---p 00000000 00:00 0 
7fe4e0000000-7fe4e0021000 rw-p 00000000 00:00 0 
7fe4e0021000-7fe4e4000000 ---p 00000000 00:00 0 
7fe4e4000000-7fe4e4021000 rw-p 00000000 00:00 0 
7fe4e4021000-7fe4e8000000 ---p 00000000 00:00 0 
7fe4ec000000-7fe4ec021000 rw-p 00000000 00:00 0 
7fe4ec021000-7fe4f0000000 ---p 00000000 00:00 0 
7fe4f0b59000-7fe4f0b68000 r--s 000dd000 fd:02 13634665                   /home/alig2x/Android/Sdk/build-tools/22.0.1/lib/dx.jar
7fe4f0b68000-7fe4f0b69000 ---p 00000000 00:00 0 
7fe4f0b69000-7fe4f0c69000 rw-p 00000000 00:00 0                          [stack:11628]
7fe4f0c69000-7fe4f0c6c000 ---p 00000000 00:00 0 
7fe4f0c6c000-7fe4f0d6a000 rw-p 00000000 00:00 0                          [stack:11627]
7fe4f0d6a000-7fe4f0d6d000 ---p 00000000 00:00 0 
7fe4f0d6d000-7fe4f0e6b000 rw-p 00000000 00:00 0                          [stack:11626]
7fe4f0e6b000-7fe4f0e6e000 ---p 00000000 00:00 0 
7fe4f0e6e000-7fe4f0f6c000 rw-p 00000000 00:00 0                          [stack:11625]
7fe4f0f6c000-7fe4f0f6f000 ---p 00000000 00:00 0 
7fe4f0f6f000-7fe4f106d000 rw-p 00000000 00:00 0                          [stack:11624]
7fe4f106d000-7fe4f1070000 ---p 00000000 00:00 0 
7fe4f1070000-7fe4f116e000 rw-p 00000000 00:00 0                          [stack:11623]
7fe4f116e000-7fe4f1171000 ---p 00000000 00:00 0 
7fe4f1171000-7fe4f126f000 rw-p 00000000 00:00 0                          [stack:11622]
7fe4f126f000-7fe4f1272000 ---p 00000000 00:00 0 
7fe4f1272000-7fe4f1370000 rw-p 00000000 00:00 0                          [stack:11621]
7fe4f1370000-7fe4f1371000 ---p 00000000 00:00 0 
7fe4f1371000-7fe4f4000000 rw-p 00000000 00:00 0                          [stack:11620]
7fe4f4000000-7fe4f4021000 rw-p 00000000 00:00 0 
7fe4f4021000-7fe4f8000000 ---p 00000000 00:00 0 
7fe4f8003000-7fe4f8428000 rw-p 00000000 00:00 0 
7fe4f8428000-7fe4f8600000 r--s 03cdb000 fd:01 1326332                    /usr/java/jdk1.8.0_73/jre/lib/rt.jar
7fe4f8600000-7fe4f8cc0000 rw-p 00000000 00:00 0 
7fe4f8cc0000-7fe4f8e00000 ---p 00000000 00:00 0 
7fe4f8e00000-7fe4f9000000 rw-p 00000000 00:00 0 
7fe4f9000000-7fe4f9830000 rwxp 00000000 00:00 0 
7fe4f9830000-7fe508000000 ---p 00000000 00:00 0 
7fe508000000-7fe508386000 rw-p 00000000 00:00 0 
7fe508386000-7fe50c000000 ---p 00000000 00:00 0 
7fe50c007000-7fe50c07d000 rw-p 00000000 00:00 0 
7fe50c07d000-7fe50c07e000 ---p 00000000 00:00 0 
7fe50c07e000-7fe50c17e000 rw-p 00000000 00:00 0                          [stack:11619]
7fe50c17e000-7fe50c17f000 ---p 00000000 00:00 0 
7fe50c17f000-7fe50c27f000 rw-p 00000000 00:00 0                          [stack:11618]
7fe50c27f000-7fe50c280000 ---p 00000000 00:00 0 
7fe50c280000-7fe50c380000 rw-p 00000000 00:00 0                          [stack:11617]
7fe50c380000-7fe50c381000 ---p 00000000 00:00 0 
7fe50c381000-7fe50c4a0000 rw-p 00000000 00:00 0                          [stack:11616]
7fe50c4a0000-7fe50c5d7000 ---p 00000000 00:00 0 
7fe50c5d7000-7fe50c5f6000 rw-p 00000000 00:00 0 
7fe50c5f6000-7fe50c72c000 ---p 00000000 00:00 0 
7fe50c72c000-7fe50c769000 rw-p 00000000 00:00 0 
7fe50c769000-7fe50c7d7000 ---p 00000000 00:00 0 
7fe50c7d7000-7fe50c7f9000 rw-p 00000000 00:00 0 
7fe50c7f9000-7fe50cb98000 ---p 00000000 00:00 0 
7fe50cb98000-7fe50cbb2000 r-xp 00000000 fd:01 1326314                    /usr/java/jdk1.8.0_73/jre/lib/amd64/libzip.so
7fe50cbb2000-7fe50cdb2000 ---p 0001a000 fd:01 1326314                    /usr/java/jdk1.8.0_73/jre/lib/amd64/libzip.so
7fe50cdb2000-7fe50cdb3000 rw-p 0001a000 fd:01 1326314                    /usr/java/jdk1.8.0_73/jre/lib/amd64/libzip.so
7fe50cdb3000-7fe50cdbe000 r-xp 00000000 fd:01 1187923                    /usr/lib64/libnss_files-2.18.so
7fe50cdbe000-7fe50cfbd000 ---p 0000b000 fd:01 1187923                    /usr/lib64/libnss_files-2.18.so
7fe50cfbd000-7fe50cfbe000 r--p 0000a000 fd:01 1187923                    /usr/lib64/libnss_files-2.18.so
7fe50cfbe000-7fe50cfbf000 rw-p 0000b000 fd:01 1187923                    /usr/lib64/libnss_files-2.18.so
7fe50cfbf000-7fe50cfe9000 r-xp 00000000 fd:01 1326278                    /usr/java/jdk1.8.0_73/jre/lib/amd64/libjava.so
7fe50cfe9000-7fe50d1e9000 ---p 0002a000 fd:01 1326278                    /usr/java/jdk1.8.0_73/jre/lib/amd64/libjava.so
7fe50d1e9000-7fe50d1eb000 rw-p 0002a000 fd:01 1326278                    /usr/java/jdk1.8.0_73/jre/lib/amd64/libjava.so
7fe50d1eb000-7fe50d1f8000 r-xp 00000000 fd:01 1326313                    /usr/java/jdk1.8.0_73/jre/lib/amd64/libverify.so
7fe50d1f8000-7fe50d3f8000 ---p 0000d000 fd:01 1326313                    /usr/java/jdk1.8.0_73/jre/lib/amd64/libverify.so
7fe50d3f8000-7fe50d3fa000 rw-p 0000d000 fd:01 1326313                    /usr/java/jdk1.8.0_73/jre/lib/amd64/libverify.so
7fe50d3fa000-7fe50d401000 r-xp 00000000 fd:01 1188027                    /usr/lib64/librt-2.18.so
7fe50d401000-7fe50d600000 ---p 00007000 fd:01 1188027                    /usr/lib64/librt-2.18.so
7fe50d600000-7fe50d601000 r--p 00006000 fd:01 1188027                    /usr/lib64/librt-2.18.so
7fe50d601000-7fe50d602000 rw-p 00007000 fd:01 1188027                    /usr/lib64/librt-2.18.so
7fe50d602000-7fe50d707000 r-xp 00000000 fd:01 1187549                    /usr/lib64/libm-2.18.so
7fe50d707000-7fe50d907000 ---p 00105000 fd:01 1187549                    /usr/lib64/libm-2.18.so
7fe50d907000-7fe50d908000 r--p 00105000 fd:01 1187549                    /usr/lib64/libm-2.18.so
7fe50d908000-7fe50d909000 rw-p 00106000 fd:01 1187549                    /usr/lib64/libm-2.18.so
7fe50d909000-7fe50e5c8000 r-xp 00000000 fd:01 1326318                    /usr/java/jdk1.8.0_73/jre/lib/amd64/server/libjvm.so
7fe50e5c8000-7fe50e7c7000 ---p 00cbf000 fd:01 1326318                    /usr/java/jdk1.8.0_73/jre/lib/amd64/server/libjvm.so
7fe50e7c7000-7fe50e8a0000 rw-p 00cbe000 fd:01 1326318                    /usr/java/jdk1.8.0_73/jre/lib/amd64/server/libjvm.so
7fe50e8a0000-7fe50e8e9000 rw-p 00000000 00:00 0 
7fe50e8e9000-7fe50ea9d000 r-xp 00000000 fd:01 1187436                    /usr/lib64/libc-2.18.so
7fe50ea9d000-7fe50ec9d000 ---p 001b4000 fd:01 1187436                    /usr/lib64/libc-2.18.so
7fe50ec9d000-7fe50eca1000 r--p 001b4000 fd:01 1187436                    /usr/lib64/libc-2.18.so
7fe50eca1000-7fe50eca3000 rw-p 001b8000 fd:01 1187436                    /usr/lib64/libc-2.18.so
7fe50eca3000-7fe50eca8000 rw-p 00000000 00:00 0 
7fe50eca8000-7fe50ecab000 r-xp 00000000 fd:01 1187526                    /usr/lib64/libdl-2.18.so
7fe50ecab000-7fe50eeaa000 ---p 00003000 fd:01 1187526                    /usr/lib64/libdl-2.18.so
7fe50eeaa000-7fe50eeab000 r--p 00002000 fd:01 1187526                    /usr/lib64/libdl-2.18.so
7fe50eeab000-7fe50eeac000 rw-p 00003000 fd:01 1187526                    /usr/lib64/libdl-2.18.so
7fe50eeac000-7fe50eec1000 r-xp 00000000 fd:01 1450497                    /usr/java/jdk1.8.0_73/lib/amd64/jli/libjli.so
7fe50eec1000-7fe50f0c1000 ---p 00015000 fd:01 1450497                    /usr/java/jdk1.8.0_73/lib/amd64/jli/libjli.so
7fe50f0c1000-7fe50f0c2000 rw-p 00015000 fd:01 1450497                    /usr/java/jdk1.8.0_73/lib/amd64/jli/libjli.so
7fe50f0c2000-7fe50f0da000 r-xp 00000000 fd:01 1187927                    /usr/lib64/libpthread-2.18.so
7fe50f0da000-7fe50f2d9000 ---p 00018000 fd:01 1187927                    /usr/lib64/libpthread-2.18.so
7fe50f2d9000-7fe50f2da000 r--p 00017000 fd:01 1187927                    /usr/lib64/libpthread-2.18.so
7fe50f2da000-7fe50f2db000 rw-p 00018000 fd:01 1187927                    /usr/lib64/libpthread-2.18.so
7fe50f2db000-7fe50f2df000 rw-p 00000000 00:00 0 
7fe50f2df000-7fe50f2ff000 r-xp 00000000 fd:01 1180345                    /usr/lib64/ld-2.18.so
7fe50f2ff000-7fe50f3d1000 rw-p 00000000 00:00 0 
7fe50f3d1000-7fe50f3d4000 ---p 00000000 00:00 0 
7fe50f3d4000-7fe50f4d6000 rw-p 00000000 00:00 0                          [stack:11613]
7fe50f4dd000-7fe50f4f3000 rw-p 00000000 00:00 0 
7fe50f4f3000-7fe50f4fb000 rw-s 00000000 00:23 863258                     /tmp/hsperfdata_alig2x/11611
7fe50f4fb000-7fe50f4fc000 rw-p 00000000 00:00 0 
7fe50f4fc000-7fe50f4fd000 r--p 00000000 00:00 0 
7fe50f4fd000-7fe50f4fe000 rw-p 00000000 00:00 0 
7fe50f4fe000-7fe50f4ff000 r--p 0001f000 fd:01 1180345                    /usr/lib64/ld-2.18.so
7fe50f4ff000-7fe50f500000 rw-p 00020000 fd:01 1180345                    /usr/lib64/ld-2.18.so
7fe50f500000-7fe50f501000 rw-p 00000000 00:00 0 
7fffb9bba000-7fffb9bdb000 rw-p 00000000 00:00 0                          [stack]
7fffb9bfc000-7fffb9bfe000 r--p 00000000 00:00 0                          [vvar]
7fffb9bfe000-7fffb9c00000 r-xp 00000000 00:00 0                          [vdso]
ffffffffff600000-ffffffffff601000 r-xp 00000000 00:00 0                  [vsyscall]

VM Arguments:
jvm_args: -Djava.awt.headless=true -Xmx1024M -Dfile.encoding=UTF-8 -Duser.country=US -Duser.language=en -Duser.variant 
java_command: com.android.dx.command.Main --dex --output /home/alig2x/AndroidStudioProjects/TFL-LiveTrafficDisruptionProject-master/TFL-LiveTrafficDisruptionProject-master/LTD/app/build/intermediates/pre-dexed/debug/com.google.android.gms-play-services-base-7.5.0_71d2f5d47bb3a238345280a1402c5daa5cb79619.jar /home/alig2x/AndroidStudioProjects/TFL-LiveTrafficDisruptionProject-master/TFL-LiveTrafficDisruptionProject-master/LTD/app/build/intermediates/exploded-aar/com.google.android.gms/play-services-base/7.5.0/jars/classes.jar
java_class_path (initial): /home/alig2x/Android/Sdk/build-tools/22.0.1/lib/dx.jar
Launcher Type: SUN_STANDARD

Environment Variables:
PATH=/usr/lib64/qt-3.3/bin:/usr/local/bin:/usr/bin:/bin:/usr/local/sbin:/usr/sbin:/home/alig2x/.local/bin:/home/alig2x/bin
USERNAME=alig2x
LD_LIBRARY_PATH=/home/alig2x/android-studio/bin:
SHELL=/bin/bash
DISPLAY=:0

Signal Handlers:
SIGSEGV: [libjvm.so+0xabafa0], sa_mask[0]=11111111011111111101111111111110, sa_flags=SA_RESTART|SA_SIGINFO
SIGBUS: [libjvm.so+0xabafa0], sa_mask[0]=11111111011111111101111111111110, sa_flags=SA_RESTART|SA_SIGINFO
SIGFPE: [libjvm.so+0x9183c0], sa_mask[0]=11111111011111111101111111111110, sa_flags=SA_RESTART|SA_SIGINFO
SIGPIPE: [libjvm.so+0x9183c0], sa_mask[0]=11111111011111111101111111111110, sa_flags=SA_RESTART|SA_SIGINFO
SIGXFSZ: [libjvm.so+0x9183c0], sa_mask[0]=11111111011111111101111111111110, sa_flags=SA_RESTART|SA_SIGINFO
SIGILL: [libjvm.so+0x9183c0], sa_mask[0]=11111111011111111101111111111110, sa_flags=SA_RESTART|SA_SIGINFO
SIGUSR1: SIG_DFL, sa_mask[0]=00000000000000000000000000000000, sa_flags=none
SIGUSR2: [libjvm.so+0x9199f0], sa_mask[0]=00100000000000000000000000000000, sa_flags=SA_RESTART|SA_SIGINFO
SIGHUP: [libjvm.so+0x91adf0], sa_mask[0]=11111111011111111101111111111110, sa_flags=SA_RESTART|SA_SIGINFO
SIGINT: [libjvm.so+0x91adf0], sa_mask[0]=11111111011111111101111111111110, sa_flags=SA_RESTART|SA_SIGINFO
SIGTERM: [libjvm.so+0x91adf0], sa_mask[0]=11111111011111111101111111111110, sa_flags=SA_RESTART|SA_SIGINFO
SIGQUIT: [libjvm.so+0x91adf0], sa_mask[0]=11111111011111111101111111111110, sa_flags=SA_RESTART|SA_SIGINFO


---------------  S Y S T E M  ---------------

OS:Fedora release 20 (Heisenbug)

uname:Linux 3.17.8-200.fc20.x86_64 #1 SMP Thu Jan 8 23:26:57 UTC 2015 x86_64
libc:glibc 2.18 NPTL 2.18 
rlimit: STACK 8192k, CORE 0k, NPROC 1024, NOFILE 4096, AS infinity
load average:6.23 2.09 1.32

/proc/meminfo:
MemTotal:        6005592 kB
MemFree:         1539208 kB
MemAvailable:    2036088 kB
Buffers:           61124 kB
Cached:           715668 kB
SwapCached:        26908 kB
Active:          3371096 kB
Inactive:         727796 kB
Active(anon):    2980608 kB
Inactive(anon):   527740 kB
Active(file):     390488 kB
Inactive(file):   200056 kB
Unevictable:         128 kB
Mlocked:             128 kB
SwapTotal:      24907772 kB
SwapFree:       24686356 kB
Dirty:              4772 kB
Writeback:             8 kB
AnonPages:       3304252 kB
Mapped:           246780 kB
Shmem:            186248 kB
Slab:             207864 kB
SReclaimable:     150544 kB
SUnreclaim:        57320 kB
KernelStack:       10704 kB
PageTables:        39012 kB
NFS_Unstable:          0 kB
Bounce:                0 kB
WritebackTmp:          0 kB
CommitLimit:    27910568 kB
Committed_AS:    7565144 kB
VmallocTotal:   34359738367 kB
VmallocUsed:      387072 kB
VmallocChunk:   34359336216 kB
HardwareCorrupted:     0 kB
AnonHugePages:         0 kB
HugePages_Total:       0
HugePages_Free:        0
HugePages_Rsvd:        0
HugePages_Surp:        0
Hugepagesize:       2048 kB
DirectMap4k:      116176 kB
DirectMap2M:     6070272 kB


CPU:total 4 (2 cores per cpu, 2 threads per core) family 6 model 42 stepping 7, cmov, cx8, fxsr, mmx, sse, sse2, sse3, ssse3, sse4.1, sse4.2, popcnt, avx, aes, clmul, ht, tsc, tscinvbit

/proc/cpuinfo:
processor	: 0
vendor_id	: GenuineIntel
cpu family	: 6
model		: 42
model name	: Intel(R) Core(TM) i7-2620M CPU @ 2.70GHz
stepping	: 7
microcode	: 0x29
cpu MHz		: 3199.921
cache size	: 4096 KB
physical id	: 0
siblings	: 4
core id		: 0
cpu cores	: 2
apicid		: 0
initial apicid	: 0
fpu		: yes
fpu_exception	: yes
cpuid level	: 13
wp		: yes
flags		: fpu vme de pse tsc msr pae mce cx8 apic sep mtrr pge mca cmov pat pse36 clflush dts acpi mmx fxsr sse sse2 ss ht tm pbe syscall nx rdtscp lm constant_tsc arch_perfmon pebs bts rep_good nopl xtopology nonstop_tsc aperfmperf eagerfpu pni pclmulqdq dtes64 monitor ds_cpl vmx smx est tm2 ssse3 cx16 xtpr pdcm pcid sse4_1 sse4_2 x2apic popcnt tsc_deadline_timer aes xsave avx lahf_lm ida arat epb pln pts dtherm tpr_shadow vnmi flexpriority ept vpid xsaveopt
bugs		:
bogomips	: 5387.72
clflush size	: 64
cache_alignment	: 64
address sizes	: 36 bits physical, 48 bits virtual
power management:

processor	: 1
vendor_id	: GenuineIntel
cpu family	: 6
model		: 42
model name	: Intel(R) Core(TM) i7-2620M CPU @ 2.70GHz
stepping	: 7
microcode	: 0x29
cpu MHz		: 3199.921
cache size	: 4096 KB
physical id	: 0
siblings	: 4
core id		: 1
cpu cores	: 2
apicid		: 2
initial apicid	: 2
fpu		: yes
fpu_exception	: yes
cpuid level	: 13
wp		: yes
flags		: fpu vme de pse tsc msr pae mce cx8 apic sep mtrr pge mca cmov pat pse36 clflush dts acpi mmx fxsr sse sse2 ss ht tm pbe syscall nx rdtscp lm constant_tsc arch_perfmon pebs bts rep_good nopl xtopology nonstop_tsc aperfmperf eagerfpu pni pclmulqdq dtes64 monitor ds_cpl vmx smx est tm2 ssse3 cx16 xtpr pdcm pcid sse4_1 sse4_2 x2apic popcnt tsc_deadline_timer aes xsave avx lahf_lm ida arat epb pln pts dtherm tpr_shadow vnmi flexpriority ept vpid xsaveopt
bugs		:
bogomips	: 5387.72
clflush size	: 64
cache_alignment	: 64
address sizes	: 36 bits physical, 48 bits virtual
power management:

processor	: 2
vendor_id	: GenuineIntel
cpu family	: 6
model		: 42
model name	: Intel(R) Core(TM) i7-2620M CPU @ 2.70GHz
stepping	: 7
microcode	: 0x29
cpu MHz		: 3199.921
cache size	: 4096 KB
physical id	: 0
siblings	: 4
core id		: 0
cpu cores	: 2
apicid		: 1
initial apicid	: 1
fpu		: yes
fpu_exception	: yes
cpuid level	: 13
wp		: yes
flags		: fpu vme de pse tsc msr pae mce cx8 apic sep mtrr pge mca cmov pat pse36 clflush dts acpi mmx fxsr sse sse2 ss ht tm pbe syscall nx rdtscp lm constant_tsc arch_perfmon pebs bts rep_good nopl xtopology nonstop_tsc aperfmperf eagerfpu pni pclmulqdq dtes64 monitor ds_cpl vmx smx est tm2 ssse3 cx16 xtpr pdcm pcid sse4_1 sse4_2 x2apic popcnt tsc_deadline_timer aes xsave avx lahf_lm ida arat epb pln pts dtherm tpr_shadow vnmi flexpriority ept vpid xsaveopt
bugs		:
bogomips	: 5387.72
clflush size	: 64
cache_alignment	: 64
address sizes	: 36 bits physical, 48 bits virtual
power management:

processor	: 3
vendor_id	: GenuineIntel
cpu family	: 6
model		: 42
model name	: Intel(R) Core(TM) i7-2620M CPU @ 2.70GHz
stepping	: 7
microcode	: 0x29
cpu MHz		: 3199.921
cache size	: 4096 KB
physical id	: 0
siblings	: 4
core id		: 1
cpu cores	: 2
apicid		: 3
initial apicid	: 3
fpu		: yes
fpu_exception	: yes
cpuid level	: 13
wp		: yes
flags		: fpu vme de pse tsc msr pae mce cx8 apic sep mtrr pge mca cmov pat pse36 clflush dts acpi mmx fxsr sse sse2 ss ht tm pbe syscall nx rdtscp lm constant_tsc arch_perfmon pebs bts rep_good nopl xtopology nonstop_tsc aperfmperf eagerfpu pni pclmulqdq dtes64 monitor ds_cpl vmx smx est tm2 ssse3 cx16 xtpr pdcm pcid sse4_1 sse4_2 x2apic popcnt tsc_deadline_timer aes xsave avx lahf_lm ida arat epb pln pts dtherm tpr_shadow vnmi flexpriority ept vpid xsaveopt
bugs		:
bogomips	: 5387.72
clflush size	: 64
cache_alignment	: 64
address sizes	: 36 bits physical, 48 bits virtual
power management:



Memory: 4k page, physical 6005592k(1539208k free), swap 24907772k(24686356k free)

vm_info: Java HotSpot(TM) 64-Bit Server VM (25.73-b02) for linux-amd64 JRE (1.8.0_73-b02), built on Jan 29 2016 17:39:45 by "java_re" with gcc 4.3.0 20080428 (Red Hat 4.3.0-8)

time: Fri Mar  4 15:26:38 2016
elapsed time: 10 seconds (0d 0h 0m 10s)

