#
# A fatal error has been detected by the Java Runtime Environment:
#
#  SIGSEGV (0xb) at pc=0x00007fe51c1a590b, pid=11736, tid=140621963736832
#
# JRE version: Java(TM) SE Runtime Environment (8.0_73-b02) (build 1.8.0_73-b02)
# Java VM: Java HotSpot(TM) 64-Bit Server VM (25.73-b02 mixed mode linux-amd64 compressed oops)
# Problematic frame:
# V  [libjvm.so+0x8f890b]  ObjArrayKlass::oop_push_contents(PSPromotionManager*, oopDesc*)+0xfb
#
# Failed to write core dump. Core dumps have been disabled. To enable core dumping, try "ulimit -c unlimited" before starting Java again
#
# If you would like to submit a bug report, please visit:
#   http://bugreport.java.com/bugreport/crash.jsp
#

---------------  T H R E A D  ---------------

Current thread (0x00007fe514020000):  GCTaskThread [stack: 0x00007fe51a223000,0x00007fe51a324000] [id=11742]

siginfo: si_signo: 11 (SIGSEGV), si_code: 2 (SEGV_ACCERR), si_addr: 0x00000000ffffffff

Registers:
RAX=0x00000000ffffffff, RBX=0x00000000ec05af30, RCX=0x0000000000000000, RDX=0x00000000ffffffff
RSP=0x00007fe51a322bb0, RBP=0x00007fe51a322c20, RSI=0x0000000000000000, RDI=0x0000000000000000
R8 =0x00007fe51c82e820, R9 =0x00007fe514073f18, R10=0x00007fe51a322bd0, R11=0x00007fe51a322be0
R12=0x00007fe514073e80, R13=0x00000000ec05af1d, R14=0x000000012c055c0c, R15=0x00007fe51c862270
RIP=0x00007fe51c1a590b, EFLAGS=0x0000000000010206, CSGSFS=0x0000000000000033, ERR=0x0000000000000004
  TRAPNO=0x000000000000000e

Top of Stack: (sp=0x00007fe51a322bb0)
0x00007fe51a322bb0:   00007fe51a322be0 00000000c0358cb0
0x00007fe51a322bc0:   00007fe514073e80 0000000008000003
0x00007fe51a322bd0:   00000000ec05af1d 0000000040000000
0x00007fe51a322be0:   00007fe51a322c30 00007fe51c226d50
0x00007fe51a322bf0:   00007fe514019ba0 00000000ec055bf8
0x00007fe51a322c00:   0000000000000001 00007fe514073e80
0x00007fe51a322c10:   0000000040000018 0000000008000003
0x00007fe51a322c20:   00007fe51a322c50 00007fe51c22f64f
0x00007fe51a322c30:   00007fe51a322c50 0000000000000000
0x00007fe51a322c40:   00000000ec055bf8 0000000000000001
0x00007fe51a322c50:   00007fe51a322cd0 00007fe51c231952
0x00007fe51a322c60:   0000008d00000057 00007fe51c852c19
0x00007fe51a322c70:   0000008d00000056 00007fe514073e80
0x00007fe51a322c80:   00000025000000b1 0000000000000400
0x00007fe51a322c90:   0000000000000000 00007fe51a322c00
0x00007fe51a322ca0:   00007fe51a322cc0 00000000ec8a3250
0x00007fe51a322cb0:   00007fe51c82e820 0000000000000001
0x00007fe51a322cc0:   00007fe51a322cf0 00007fe51a322cfc
0x00007fe51a322cd0:   00007fe51a322d30 00007fe51c235196
0x00007fe51a322ce0:   00007fe4c41db980 00007fe514073e80
0x00007fe51a322cf0:   00000000ec8a3251 2ec7df661be808f7
0x00007fe51a322d00:   00007fe51a322d30 00007fe4c41db980
0x00007fe51a322d10:   00007fe514020000 0000000000000001
0x00007fe51a322d20:   00007fe514020340 00007fe51c3f16ea
0x00007fe51a322d30:   00007fe51a322e40 00007fe51be815ef
0x00007fe51a322d40:   0000000000000000 00007fe51a322d80
0x00007fe51a322d50:   00007fe51a322e00 0000000000000000
0x00007fe51a322d60:   00007fe514020380 00007fe514020390
0x00007fe51a322d70:   00007fe514020768 00000000000003d8
0x00007fe51a322d80:   00007fe514020000 00007fe514020770
0x00007fe51a322d90:   00007fe5140207b0 00007fe5140207c0
0x00007fe51a322da0:   00007fe514020898 00000000000000d8 

Instructions: (pc=0x00007fe51c1a590b)
0x00007fe51c1a58eb:   00 00 8b 03 49 3b 07 72 ec 4c 8b 05 9d 65 66 00
0x00007fe51c1a58fb:   41 8b 70 08 49 8b 38 89 f1 48 d3 e0 48 8d 14 07
0x00007fe51c1a590b:   48 8b 02 83 e0 03 48 83 f8 03 0f 84 65 ff ff ff
0x00007fe51c1a591b:   41 8b 4c 24 60 41 8b 44 24 68 49 89 dd 49 83 cd 

Register to memory mapping:

RAX=0x00000000ffffffff is an unallocated location in the heap
RBX=0x00000000ec05af30 is an oop

[error occurred during error reporting (printing register info), id 0xb]

Stack: [0x00007fe51a223000,0x00007fe51a324000],  sp=0x00007fe51a322bb0,  free space=1022k
Native frames: (J=compiled Java code, j=interpreted, Vv=VM code, C=native code)
V  [libjvm.so+0x8f890b]  ObjArrayKlass::oop_push_contents(PSPromotionManager*, oopDesc*)+0xfb
V  [libjvm.so+0x98264f]  PSPromotionManager::oop_promotion_failed(oopDesc*, markOopDesc*)+0x10f
V  [libjvm.so+0x984952]  oopDesc* PSPromotionManager::copy_to_survivor_space<false>(oopDesc*)+0xe2
V  [libjvm.so+0x988196]  StealTask::do_it(GCTaskManager*, unsigned int)+0x2f6
V  [libjvm.so+0x5d45ef]  GCTaskThread::run()+0x12f
V  [libjvm.so+0x91d918]  java_start(Thread*)+0x108


---------------  P R O C E S S  ---------------

Java Threads: ( => current thread )
  0x00007fe5140c1800 JavaThread "Service Thread" daemon [_thread_blocked, id=11752, stack(0x00007fe4febec000,0x00007fe4feced000)]
  0x00007fe5140bc800 JavaThread "C1 CompilerThread2" daemon [_thread_blocked, id=11751, stack(0x00007fe4feced000,0x00007fe4fedee000)]
  0x00007fe5140ba800 JavaThread "C2 CompilerThread1" daemon [_thread_in_native, id=11750, stack(0x00007fe4fedee000,0x00007fe4feeef000)]
  0x00007fe5140b7800 JavaThread "C2 CompilerThread0" daemon [_thread_in_native, id=11749, stack(0x00007fe4feeef000,0x00007fe4feff0000)]
  0x00007fe5140b6000 JavaThread "Signal Dispatcher" daemon [_thread_blocked, id=11748, stack(0x00007fe4feff0000,0x00007fe4ff0f1000)]
  0x00007fe51407e000 JavaThread "Finalizer" daemon [_thread_blocked, id=11747, stack(0x00007fe4ff0f1000,0x00007fe4ff1f2000)]
  0x00007fe51407c000 JavaThread "Reference Handler" daemon [_thread_blocked, id=11746, stack(0x00007fe4ff1f2000,0x00007fe4ff2f3000)]
  0x00007fe514009000 JavaThread "main" [_thread_blocked, id=11737, stack(0x00007fe51d375000,0x00007fe51d476000)]

Other Threads:
  0x00007fe514076800 VMThread [stack: 0x00007fe4ff2f3000,0x00007fe4ff3f4000] [id=11745]
  0x00007fe5140c4000 WatcherThread [stack: 0x00007fe4feaeb000,0x00007fe4febec000] [id=11753]

=>0x00007fe514020000 (exited) GCTaskThread [stack: 0x00007fe51a223000,0x00007fe51a324000] [id=11742]

VM state:at safepoint (normal execution)

VM Mutex/Monitor currently owned by a thread:  ([mutex/lock_event])
[0x00007fe5140065d0] Threads_lock - owner thread: 0x00007fe514076800
[0x00007fe514006ad0] Heap_lock - owner thread: 0x00007fe514009000

Heap:
 PSYoungGen      total 27648K, used 25709K [0x00000000eab00000, 0x00000000ec980000, 0x0000000100000000)
  eden space 24064K, 92% used [0x00000000eab00000,0x00000000ec0a17c8,0x00000000ec280000)
  from space 3584K, 99% used [0x00000000ec280000,0x00000000ec5f9c88,0x00000000ec600000)
  to   space 3584K, 99% used [0x00000000ec600000,0x00000000ec97eac8,0x00000000ec980000)
 ParOldGen       total 699392K, used 4994K [0x00000000c0000000, 0x00000000eab00000, 0x00000000eab00000)
  object space 699392K, 0% used [0x00000000c0000000,0x00000000c04e0958,0x00000000eab00000)
 Metaspace       used 5722K, capacity 7024K, committed 7296K, reserved 1056768K
  class space    used 549K, capacity 616K, committed 640K, reserved 1048576K

Card table byte_map: [0x00007fe51a57b000,0x00007fe51a77c000] byte_map_base: 0x00007fe519f7b000

Marking Bits: (ParMarkBitMap*) 0x00007fe51c862100
 Begin Bits: [0x00007fe518021000, 0x00007fe519021000)
 End Bits:   [0x00007fe519021000, 0x00007fe51a021000)

Polling page: 0x00007fe51d4a0000

CodeCache: size=245760Kb used=5669Kb max_used=5669Kb free=240090Kb
 bounds [0x00007fe505000000, 0x00007fe505590000, 0x00007fe514000000]
 total_blobs=1639 nmethods=1375 adapters=178
 compilation: enabled

Compilation events (10 events):
Event: 4.116 Thread 0x00007fe5140bc800 1393       3       com.android.dx.rop.code.Rops::pickIf (154 bytes)
Event: 4.118 Thread 0x00007fe5140bc800 nmethod 1393 0x00007fe505585390 code [0x00007fe505585620, 0x00007fe505586778]
Event: 4.118 Thread 0x00007fe5140bc800 1394       1       com.android.dx.ssa.PhiInsn::canThrow (2 bytes)
Event: 4.119 Thread 0x00007fe5140bc800 nmethod 1394 0x00007fe505551390 code [0x00007fe5055514e0, 0x00007fe5055515f0]
Event: 4.119 Thread 0x00007fe5140bc800 1395       3       com.android.dx.ssa.SsaInsn::setResult (20 bytes)
Event: 4.119 Thread 0x00007fe5140bc800 nmethod 1395 0x00007fe50556f0d0 code [0x00007fe50556f240, 0x00007fe50556f4a8]
Event: 4.119 Thread 0x00007fe5140bc800 1396       3       com.android.dx.ssa.PhiTypeResolver::resolveResultType (308 bytes)
Event: 4.123 Thread 0x00007fe5140bc800 nmethod 1396 0x00007fe505586f90 code [0x00007fe505587440, 0x00007fe50558aaf8]
Event: 4.133 Thread 0x00007fe5140bc800 1397       3       com.android.dx.ssa.SsaMethod::updateOneDefinition (70 bytes)
Event: 4.133 Thread 0x00007fe5140bc800 nmethod 1397 0x00007fe50558c590 code [0x00007fe50558c740, 0x00007fe50558cf68]

GC Heap History (3 events):
Event: 3.218 GC heap before
{Heap before GC invocations=1 (full 0):
 PSYoungGen      total 27648K, used 24064K [0x00000000eab00000, 0x00000000ec980000, 0x0000000100000000)
  eden space 24064K, 100% used [0x00000000eab00000,0x00000000ec280000,0x00000000ec280000)
  from space 3584K, 0% used [0x00000000ec600000,0x00000000ec600000,0x00000000ec980000)
  to   space 3584K, 0% used [0x00000000ec280000,0x00000000ec280000,0x00000000ec600000)
 ParOldGen       total 62976K, used 0K [0x00000000c0000000, 0x00000000c3d80000, 0x00000000eab00000)
  object space 62976K, 0% used [0x00000000c0000000,0x00000000c0000000,0x00000000c3d80000)
 Metaspace       used 5557K, capacity 6832K, committed 7040K, reserved 1056768K
  class space    used 548K, capacity 616K, committed 640K, reserved 1048576K
Event: 3.230 GC heap after
Heap after GC invocations=1 (full 0):
 PSYoungGen      total 27648K, used 3559K [0x00000000eab00000, 0x00000000ec980000, 0x0000000100000000)
  eden space 24064K, 0% used [0x00000000eab00000,0x00000000eab00000,0x00000000ec280000)
  from space 3584K, 99% used [0x00000000ec280000,0x00000000ec5f9c88,0x00000000ec600000)
  to   space 3584K, 0% used [0x00000000ec600000,0x00000000ec600000,0x00000000ec980000)
 ParOldGen       total 62976K, used 1971K [0x00000000c0000000, 0x00000000c3d80000, 0x00000000eab00000)
  object space 62976K, 3% used [0x00000000c0000000,0x00000000c01ecf70,0x00000000c3d80000)
 Metaspace       used 5557K, capacity 6832K, committed 7040K, reserved 1056768K
  class space    used 548K, capacity 616K, committed 640K, reserved 1048576K
}
Event: 4.139 GC heap before
{Heap before GC invocations=2 (full 0):
 PSYoungGen      total 27648K, used 25709K [0x00000000eab00000, 0x00000000ec980000, 0x0000000100000000)
  eden space 24064K, 92% used [0x00000000eab00000,0x00000000ec0a17c8,0x00000000ec280000)
  from space 3584K, 99% used [0x00000000ec280000,0x00000000ec5f9c88,0x00000000ec600000)
  to   space 3584K, 0% used [0x00000000ec600000,0x00000000ec600000,0x00000000ec980000)
 ParOldGen       total 699392K, used 1971K [0x00000000c0000000, 0x00000000eab00000, 0x00000000eab00000)
  object space 699392K, 0% used [0x00000000c0000000,0x00000000c01ecf70,0x00000000eab00000)
 Metaspace       used 5722K, capacity 7024K, committed 7296K, reserved 1056768K
  class space    used 549K, capacity 616K, committed 640K, reserved 1048576K

Deoptimization events (7 events):
Event: 0.817 Thread 0x00007fe514009000 Uncommon trap: reason=unstable_if action=reinterpret pc=0x00007fe50514f804 method=java.lang.String.indexOf(II)I @ 49
Event: 2.091 Thread 0x00007fe514009000 Uncommon trap: reason=unstable_if action=reinterpret pc=0x00007fe5051fb22c method=java.util.BitSet.nextSetBit(I)I @ 87
Event: 2.092 Thread 0x00007fe514009000 Uncommon trap: reason=unstable_if action=reinterpret pc=0x00007fe50527a9b8 method=java.util.BitSet.ensureCapacity(I)V @ 6
Event: 2.358 Thread 0x00007fe514009000 Uncommon trap: reason=unstable_if action=reinterpret pc=0x00007fe5053262ac method=com.android.dx.rop.code.RegisterSpec.withReg(I)Lcom/android/dx/rop/code/RegisterSpec; @ 5
Event: 3.995 Thread 0x00007fe514009000 Uncommon trap: reason=bimorphic action=maybe_recompile pc=0x00007fe5051fc01c method=java.util.HashMap.getNode(ILjava/lang/Object;)Ljava/util/HashMap$Node; @ 126
Event: 3.995 Thread 0x00007fe514009000 Uncommon trap: reason=class_check action=maybe_recompile pc=0x00007fe5053fa8d8 method=java.util.HashMap.putVal(ILjava/lang/Object;Ljava/lang/Object;ZZ)Ljava/lang/Object; @ 203
Event: 4.113 Thread 0x00007fe514009000 Uncommon trap: reason=unstable_if action=reinterpret pc=0x00007fe50540c5bc method=com.android.dx.ssa.SsaMethod.updateOneDefinition(Lcom/android/dx/ssa/SsaInsn;Lcom/android/dx/rop/code/RegisterSpec;)V @ 4

Internal exceptions (2 events):
Event: 0.158 Thread 0x00007fe514009000 Exception <a 'java/lang/NoSuchMethodError': Method sun.misc.Unsafe.defineClass(Ljava/lang/String;[BII)Ljava/lang/Class; name or signature does not match> (0x00000000eab12bf8) thrown at [/HUDSON3/workspace/8-2-build-linux-amd64/jdk8u73/6086/hotspot/src/sha
Event: 0.158 Thread 0x00007fe514009000 Exception <a 'java/lang/NoSuchMethodError': Method sun.misc.Unsafe.prefetchRead(Ljava/lang/Object;J)V name or signature does not match> (0x00000000eab12ee0) thrown at [/HUDSON3/workspace/8-2-build-linux-amd64/jdk8u73/6086/hotspot/src/share/vm/prims/jni.cp

Events (10 events):
Event: 3.995 Thread 0x00007fe514009000 DEOPT UNPACKING pc=0x00007fe505005229 sp=0x00007fe51d473bb0 mode 2
Event: 3.995 Thread 0x00007fe514009000 Uncommon trap: trap_request=0xffffffde fr.pc=0x00007fe5053fa8d8
Event: 3.995 Thread 0x00007fe514009000 DEOPT PACKING pc=0x00007fe5053fa8d8 sp=0x00007fe51d473be0
Event: 3.995 Thread 0x00007fe514009000 DEOPT UNPACKING pc=0x00007fe505005229 sp=0x00007fe51d473b88 mode 2
Event: 4.113 loading class com/android/dx/rop/code/RegOps
Event: 4.113 loading class com/android/dx/rop/code/RegOps done
Event: 4.113 Thread 0x00007fe514009000 Uncommon trap: trap_request=0xffffff65 fr.pc=0x00007fe50540c5bc
Event: 4.113 Thread 0x00007fe514009000 DEOPT PACKING pc=0x00007fe50540c5bc sp=0x00007fe51d473a40
Event: 4.113 Thread 0x00007fe514009000 DEOPT UNPACKING pc=0x00007fe505005229 sp=0x00007fe51d473a08 mode 2
Event: 4.139 Executing VM operation: ParallelGCFailedAllocation


Dynamic libraries:
00400000-00401000 r-xp 00000000 fd:01 1326129                            /usr/java/jdk1.8.0_73/bin/java
00600000-00601000 rw-p 00000000 fd:01 1326129                            /usr/java/jdk1.8.0_73/bin/java
00893000-008b4000 rw-p 00000000 00:00 0                                  [heap]
c0000000-eab00000 rw-p 00000000 00:00 0 
eab00000-ec980000 rw-p 00000000 00:00 0 
ec980000-100000000 ---p 00000000 00:00 0 
100000000-1000a0000 rw-p 00000000 00:00 0 
1000a0000-140000000 ---p 00000000 00:00 0 
7fe4bc000000-7fe4bc021000 rw-p 00000000 00:00 0 
7fe4bc021000-7fe4c0000000 ---p 00000000 00:00 0 
7fe4c4000000-7fe4c4810000 rw-p 00000000 00:00 0 
7fe4c4810000-7fe4c8000000 ---p 00000000 00:00 0 
7fe4c8000000-7fe4c8021000 rw-p 00000000 00:00 0 
7fe4c8021000-7fe4cc000000 ---p 00000000 00:00 0 
7fe4cc000000-7fe4cc6a6000 rw-p 00000000 00:00 0 
7fe4cc6a6000-7fe4d0000000 ---p 00000000 00:00 0 
7fe4d0000000-7fe4d05d1000 rw-p 00000000 00:00 0 
7fe4d05d1000-7fe4d4000000 ---p 00000000 00:00 0 
7fe4d4000000-7fe4d4021000 rw-p 00000000 00:00 0 
7fe4d4021000-7fe4d8000000 ---p 00000000 00:00 0 
7fe4d9ad7000-7fe4e0000000 r--p 00000000 fd:01 1190293                    /usr/lib/locale/locale-archive
7fe4e0000000-7fe4e0021000 rw-p 00000000 00:00 0 
7fe4e0021000-7fe4e4000000 ---p 00000000 00:00 0 
7fe4e4000000-7fe4e4021000 rw-p 00000000 00:00 0 
7fe4e4021000-7fe4e8000000 ---p 00000000 00:00 0 
7fe4e8000000-7fe4e828c000 rw-p 00000000 00:00 0 
7fe4e828c000-7fe4ec000000 ---p 00000000 00:00 0 
7fe4ec000000-7fe4ec021000 rw-p 00000000 00:00 0 
7fe4ec021000-7fe4f0000000 ---p 00000000 00:00 0 
7fe4f0000000-7fe4f0021000 rw-p 00000000 00:00 0 
7fe4f0021000-7fe4f4000000 ---p 00000000 00:00 0 
7fe4f8000000-7fe4f8021000 rw-p 00000000 00:00 0 
7fe4f8021000-7fe4fc000000 ---p 00000000 00:00 0 
7fe4fe951000-7fe4feaeb000 rw-p 00000000 00:00 0 
7fe4feaeb000-7fe4feaec000 ---p 00000000 00:00 0 
7fe4feaec000-7fe4febec000 rw-p 00000000 00:00 0                          [stack:11753]
7fe4febec000-7fe4febef000 ---p 00000000 00:00 0 
7fe4febef000-7fe4feced000 rw-p 00000000 00:00 0                          [stack:11752]
7fe4feced000-7fe4fecf0000 ---p 00000000 00:00 0 
7fe4fecf0000-7fe4fedee000 rw-p 00000000 00:00 0                          [stack:11751]
7fe4fedee000-7fe4fedf1000 ---p 00000000 00:00 0 
7fe4fedf1000-7fe4feeef000 rw-p 00000000 00:00 0                          [stack:11750]
7fe4feeef000-7fe4feef2000 ---p 00000000 00:00 0 
7fe4feef2000-7fe4feff0000 rw-p 00000000 00:00 0                          [stack:11749]
7fe4feff0000-7fe4feff3000 ---p 00000000 00:00 0 
7fe4feff3000-7fe4ff0f1000 rw-p 00000000 00:00 0                          [stack:11748]
7fe4ff0f1000-7fe4ff0f4000 ---p 00000000 00:00 0 
7fe4ff0f4000-7fe4ff1f2000 rw-p 00000000 00:00 0                          [stack:11747]
7fe4ff1f2000-7fe4ff1f5000 ---p 00000000 00:00 0 
7fe4ff1f5000-7fe4ff2f3000 rw-p 00000000 00:00 0                          [stack:11746]
7fe4ff2f3000-7fe4ff2f4000 ---p 00000000 00:00 0 
7fe4ff2f4000-7fe500000000 rw-p 00000000 00:00 0                          [stack:11745]
7fe500000000-7fe500021000 rw-p 00000000 00:00 0 
7fe500021000-7fe504000000 ---p 00000000 00:00 0 
7fe50401c000-7fe50402b000 r--s 000dd000 fd:02 13634665                   /home/alig2x/Android/Sdk/build-tools/22.0.1/lib/dx.jar
7fe50402b000-7fe5043b2000 rw-p 00000000 00:00 0 
7fe5043b2000-7fe50458a000 r--s 03cdb000 fd:01 1326332                    /usr/java/jdk1.8.0_73/jre/lib/rt.jar
7fe50458a000-7fe504c80000 rw-p 00000000 00:00 0 
7fe504c80000-7fe504e00000 ---p 00000000 00:00 0 
7fe504e00000-7fe505000000 rw-p 00000000 00:00 0 
7fe505000000-7fe505590000 rwxp 00000000 00:00 0 
7fe505590000-7fe514000000 ---p 00000000 00:00 0 
7fe514000000-7fe5143b4000 rw-p 00000000 00:00 0 
7fe5143b4000-7fe518000000 ---p 00000000 00:00 0 
7fe518000000-7fe51a021000 rw-p 00000000 00:00 0 
7fe51a021000-7fe51a022000 ---p 00000000 00:00 0 
7fe51a022000-7fe51a122000 rw-p 00000000 00:00 0                          [stack:11744]
7fe51a122000-7fe51a123000 ---p 00000000 00:00 0 
7fe51a123000-7fe51a223000 rw-p 00000000 00:00 0                          [stack:11743]
7fe51a223000-7fe51a224000 ---p 00000000 00:00 0 
7fe51a224000-7fe51a324000 rw-p 00000000 00:00 0                          [stack:11742]
7fe51a324000-7fe51a325000 ---p 00000000 00:00 0 
7fe51a325000-7fe51a57b000 rw-p 00000000 00:00 0                          [stack:11740]
7fe51a57b000-7fe51a6d0000 rw-p 00000000 00:00 0 
7fe51a6d0000-7fe51a6e0000 rw-p 00000000 00:00 0 
7fe51a6e0000-7fe51a77b000 ---p 00000000 00:00 0 
7fe51a77b000-7fe51a793000 rw-p 00000000 00:00 0 
7fe51a793000-7fe51ab3c000 ---p 00000000 00:00 0 
7fe51ab3c000-7fe51ab56000 r-xp 00000000 fd:01 1326314                    /usr/java/jdk1.8.0_73/jre/lib/amd64/libzip.so
7fe51ab56000-7fe51ad56000 ---p 0001a000 fd:01 1326314                    /usr/java/jdk1.8.0_73/jre/lib/amd64/libzip.so
7fe51ad56000-7fe51ad57000 rw-p 0001a000 fd:01 1326314                    /usr/java/jdk1.8.0_73/jre/lib/amd64/libzip.so
7fe51ad57000-7fe51ad62000 r-xp 00000000 fd:01 1187923                    /usr/lib64/libnss_files-2.18.so
7fe51ad62000-7fe51af61000 ---p 0000b000 fd:01 1187923                    /usr/lib64/libnss_files-2.18.so
7fe51af61000-7fe51af62000 r--p 0000a000 fd:01 1187923                    /usr/lib64/libnss_files-2.18.so
7fe51af62000-7fe51af63000 rw-p 0000b000 fd:01 1187923                    /usr/lib64/libnss_files-2.18.so
7fe51af63000-7fe51af8d000 r-xp 00000000 fd:01 1326278                    /usr/java/jdk1.8.0_73/jre/lib/amd64/libjava.so
7fe51af8d000-7fe51b18d000 ---p 0002a000 fd:01 1326278                    /usr/java/jdk1.8.0_73/jre/lib/amd64/libjava.so
7fe51b18d000-7fe51b18f000 rw-p 0002a000 fd:01 1326278                    /usr/java/jdk1.8.0_73/jre/lib/amd64/libjava.so
7fe51b18f000-7fe51b19c000 r-xp 00000000 fd:01 1326313                    /usr/java/jdk1.8.0_73/jre/lib/amd64/libverify.so
7fe51b19c000-7fe51b39c000 ---p 0000d000 fd:01 1326313                    /usr/java/jdk1.8.0_73/jre/lib/amd64/libverify.so
7fe51b39c000-7fe51b39e000 rw-p 0000d000 fd:01 1326313                    /usr/java/jdk1.8.0_73/jre/lib/amd64/libverify.so
7fe51b39e000-7fe51b3a5000 r-xp 00000000 fd:01 1188027                    /usr/lib64/librt-2.18.so
7fe51b3a5000-7fe51b5a4000 ---p 00007000 fd:01 1188027                    /usr/lib64/librt-2.18.so
7fe51b5a4000-7fe51b5a5000 r--p 00006000 fd:01 1188027                    /usr/lib64/librt-2.18.so
7fe51b5a5000-7fe51b5a6000 rw-p 00007000 fd:01 1188027                    /usr/lib64/librt-2.18.so
7fe51b5a6000-7fe51b6ab000 r-xp 00000000 fd:01 1187549                    /usr/lib64/libm-2.18.so
7fe51b6ab000-7fe51b8ab000 ---p 00105000 fd:01 1187549                    /usr/lib64/libm-2.18.so
7fe51b8ab000-7fe51b8ac000 r--p 00105000 fd:01 1187549                    /usr/lib64/libm-2.18.so
7fe51b8ac000-7fe51b8ad000 rw-p 00106000 fd:01 1187549                    /usr/lib64/libm-2.18.so
7fe51b8ad000-7fe51c56c000 r-xp 00000000 fd:01 1326318                    /usr/java/jdk1.8.0_73/jre/lib/amd64/server/libjvm.so
7fe51c56c000-7fe51c76b000 ---p 00cbf000 fd:01 1326318                    /usr/java/jdk1.8.0_73/jre/lib/amd64/server/libjvm.so
7fe51c76b000-7fe51c844000 rw-p 00cbe000 fd:01 1326318                    /usr/java/jdk1.8.0_73/jre/lib/amd64/server/libjvm.so
7fe51c844000-7fe51c88d000 rw-p 00000000 00:00 0 
7fe51c88d000-7fe51ca41000 r-xp 00000000 fd:01 1187436                    /usr/lib64/libc-2.18.so
7fe51ca41000-7fe51cc41000 ---p 001b4000 fd:01 1187436                    /usr/lib64/libc-2.18.so
7fe51cc41000-7fe51cc45000 r--p 001b4000 fd:01 1187436                    /usr/lib64/libc-2.18.so
7fe51cc45000-7fe51cc47000 rw-p 001b8000 fd:01 1187436                    /usr/lib64/libc-2.18.so
7fe51cc47000-7fe51cc4c000 rw-p 00000000 00:00 0 
7fe51cc4c000-7fe51cc4f000 r-xp 00000000 fd:01 1187526                    /usr/lib64/libdl-2.18.so
7fe51cc4f000-7fe51ce4e000 ---p 00003000 fd:01 1187526                    /usr/lib64/libdl-2.18.so
7fe51ce4e000-7fe51ce4f000 r--p 00002000 fd:01 1187526                    /usr/lib64/libdl-2.18.so
7fe51ce4f000-7fe51ce50000 rw-p 00003000 fd:01 1187526                    /usr/lib64/libdl-2.18.so
7fe51ce50000-7fe51ce65000 r-xp 00000000 fd:01 1450497                    /usr/java/jdk1.8.0_73/lib/amd64/jli/libjli.so
7fe51ce65000-7fe51d065000 ---p 00015000 fd:01 1450497                    /usr/java/jdk1.8.0_73/lib/amd64/jli/libjli.so
7fe51d065000-7fe51d066000 rw-p 00015000 fd:01 1450497                    /usr/java/jdk1.8.0_73/lib/amd64/jli/libjli.so
7fe51d066000-7fe51d07e000 r-xp 00000000 fd:01 1187927                    /usr/lib64/libpthread-2.18.so
7fe51d07e000-7fe51d27d000 ---p 00018000 fd:01 1187927                    /usr/lib64/libpthread-2.18.so
7fe51d27d000-7fe51d27e000 r--p 00017000 fd:01 1187927                    /usr/lib64/libpthread-2.18.so
7fe51d27e000-7fe51d27f000 rw-p 00018000 fd:01 1187927                    /usr/lib64/libpthread-2.18.so
7fe51d27f000-7fe51d283000 rw-p 00000000 00:00 0 
7fe51d283000-7fe51d2a3000 r-xp 00000000 fd:01 1180345                    /usr/lib64/ld-2.18.so
7fe51d2a3000-7fe51d375000 rw-p 00000000 00:00 0 
7fe51d375000-7fe51d378000 ---p 00000000 00:00 0 
7fe51d378000-7fe51d47a000 rw-p 00000000 00:00 0                          [stack:11737]
7fe51d47b000-7fe51d47c000 rw-p 00000000 00:00 0 
7fe51d47c000-7fe51d483000 r--s 00034000 fd:02 10488919                   /home/alig2x/AndroidStudioProjects/TFL-LiveTrafficDisruptionProject-master/TFL-LiveTrafficDisruptionProject-master/LTD/app/build/intermediates/exploded-aar/com.google.android.gms/play-services-wearable/7.5.0/jars/classes.jar
7fe51d483000-7fe51d497000 rw-p 00000000 00:00 0 
7fe51d497000-7fe51d49f000 rw-s 00000000 00:23 862703                     /tmp/hsperfdata_alig2x/11736
7fe51d49f000-7fe51d4a0000 rw-p 00000000 00:00 0 
7fe51d4a0000-7fe51d4a1000 ---p 00000000 00:00 0 
7fe51d4a1000-7fe51d4a2000 rw-p 00000000 00:00 0 
7fe51d4a2000-7fe51d4a3000 r--p 0001f000 fd:01 1180345                    /usr/lib64/ld-2.18.so
7fe51d4a3000-7fe51d4a4000 rw-p 00020000 fd:01 1180345                    /usr/lib64/ld-2.18.so
7fe51d4a4000-7fe51d4a5000 rw-p 00000000 00:00 0 
7fff4aa91000-7fff4aab2000 rw-p 00000000 00:00 0                          [stack]
7fff4abfc000-7fff4abfe000 r--p 00000000 00:00 0                          [vvar]
7fff4abfe000-7fff4ac00000 r-xp 00000000 00:00 0                          [vdso]
ffffffffff600000-ffffffffff601000 r-xp 00000000 00:00 0                  [vsyscall]

VM Arguments:
jvm_args: -Djava.awt.headless=true -Xmx1024M -Dfile.encoding=UTF-8 -Duser.country=US -Duser.language=en -Duser.variant 
java_command: com.android.dx.command.Main --dex --output /home/alig2x/AndroidStudioProjects/TFL-LiveTrafficDisruptionProject-master/TFL-LiveTrafficDisruptionProject-master/LTD/app/build/intermediates/pre-dexed/debug/com.google.android.gms-play-services-wearable-7.5.0_4fdcb54099e3e67ec3fbb4a469e1858a51b354ee.jar /home/alig2x/AndroidStudioProjects/TFL-LiveTrafficDisruptionProject-master/TFL-LiveTrafficDisruptionProject-master/LTD/app/build/intermediates/exploded-aar/com.google.android.gms/play-services-wearable/7.5.0/jars/classes.jar
java_class_path (initial): /home/alig2x/Android/Sdk/build-tools/22.0.1/lib/dx.jar
Launcher Type: SUN_STANDARD

Environment Variables:
PATH=/usr/lib64/qt-3.3/bin:/usr/local/bin:/usr/bin:/bin:/usr/local/sbin:/usr/sbin:/home/alig2x/.local/bin:/home/alig2x/bin
USERNAME=alig2x
LD_LIBRARY_PATH=/home/alig2x/android-studio/bin:
SHELL=/bin/bash
DISPLAY=:0

Signal Handlers:
SIGSEGV: [libjvm.so+0xabafa0], sa_mask[0]=11111111011111111101111111111110, sa_flags=SA_RESTART|SA_SIGINFO
SIGBUS: [libjvm.so+0xabafa0], sa_mask[0]=11111111011111111101111111111110, sa_flags=SA_RESTART|SA_SIGINFO
SIGFPE: [libjvm.so+0x9183c0], sa_mask[0]=11111111011111111101111111111110, sa_flags=SA_RESTART|SA_SIGINFO
SIGPIPE: [libjvm.so+0x9183c0], sa_mask[0]=11111111011111111101111111111110, sa_flags=SA_RESTART|SA_SIGINFO
SIGXFSZ: [libjvm.so+0x9183c0], sa_mask[0]=11111111011111111101111111111110, sa_flags=SA_RESTART|SA_SIGINFO
SIGILL: [libjvm.so+0x9183c0], sa_mask[0]=11111111011111111101111111111110, sa_flags=SA_RESTART|SA_SIGINFO
SIGUSR1: SIG_DFL, sa_mask[0]=00000000000000000000000000000000, sa_flags=none
SIGUSR2: [libjvm.so+0x9199f0], sa_mask[0]=00100000000000000000000000000000, sa_flags=SA_RESTART|SA_SIGINFO
SIGHUP: [libjvm.so+0x91adf0], sa_mask[0]=11111111011111111101111111111110, sa_flags=SA_RESTART|SA_SIGINFO
SIGINT: [libjvm.so+0x91adf0], sa_mask[0]=11111111011111111101111111111110, sa_flags=SA_RESTART|SA_SIGINFO
SIGTERM: [libjvm.so+0x91adf0], sa_mask[0]=11111111011111111101111111111110, sa_flags=SA_RESTART|SA_SIGINFO
SIGQUIT: [libjvm.so+0x91adf0], sa_mask[0]=11111111011111111101111111111110, sa_flags=SA_RESTART|SA_SIGINFO


---------------  S Y S T E M  ---------------

OS:Fedora release 20 (Heisenbug)

uname:Linux 3.17.8-200.fc20.x86_64 #1 SMP Thu Jan 8 23:26:57 UTC 2015 x86_64
libc:glibc 2.18 NPTL 2.18 
rlimit: STACK 8192k, CORE 0k, NPROC 1024, NOFILE 4096, AS infinity
load average:6.93 2.31 1.39

/proc/meminfo:
MemTotal:        6005592 kB
MemFree:         1445192 kB
MemAvailable:    1972420 kB
Buffers:           61160 kB
Cached:           745616 kB
SwapCached:        26908 kB
Active:          3437716 kB
Inactive:         754668 kB
Active(anon):    3044116 kB
Inactive(anon):   527712 kB
Active(file):     393600 kB
Inactive(file):   226956 kB
Unevictable:         128 kB
Mlocked:             128 kB
SwapTotal:      24907772 kB
SwapFree:       24686356 kB
Dirty:             35788 kB
Writeback:             0 kB
AnonPages:       3367576 kB
Mapped:           246880 kB
Shmem:            186220 kB
Slab:             208524 kB
SReclaimable:     151212 kB
SUnreclaim:        57312 kB
KernelStack:       10672 kB
PageTables:        39148 kB
NFS_Unstable:          0 kB
Bounce:                0 kB
WritebackTmp:          0 kB
CommitLimit:    27910568 kB
Committed_AS:    8312308 kB
VmallocTotal:   34359738367 kB
VmallocUsed:      387072 kB
VmallocChunk:   34359336216 kB
HardwareCorrupted:     0 kB
AnonHugePages:         0 kB
HugePages_Total:       0
HugePages_Free:        0
HugePages_Rsvd:        0
HugePages_Surp:        0
Hugepagesize:       2048 kB
DirectMap4k:      116176 kB
DirectMap2M:     6070272 kB


CPU:total 4 (2 cores per cpu, 2 threads per core) family 6 model 42 stepping 7, cmov, cx8, fxsr, mmx, sse, sse2, sse3, ssse3, sse4.1, sse4.2, popcnt, avx, aes, clmul, ht, tsc, tscinvbit

/proc/cpuinfo:
processor	: 0
vendor_id	: GenuineIntel
cpu family	: 6
model		: 42
model name	: Intel(R) Core(TM) i7-2620M CPU @ 2.70GHz
stepping	: 7
microcode	: 0x29
cpu MHz		: 3199.921
cache size	: 4096 KB
physical id	: 0
siblings	: 4
core id		: 0
cpu cores	: 2
apicid		: 0
initial apicid	: 0
fpu		: yes
fpu_exception	: yes
cpuid level	: 13
wp		: yes
flags		: fpu vme de pse tsc msr pae mce cx8 apic sep mtrr pge mca cmov pat pse36 clflush dts acpi mmx fxsr sse sse2 ss ht tm pbe syscall nx rdtscp lm constant_tsc arch_perfmon pebs bts rep_good nopl xtopology nonstop_tsc aperfmperf eagerfpu pni pclmulqdq dtes64 monitor ds_cpl vmx smx est tm2 ssse3 cx16 xtpr pdcm pcid sse4_1 sse4_2 x2apic popcnt tsc_deadline_timer aes xsave avx lahf_lm ida arat epb pln pts dtherm tpr_shadow vnmi flexpriority ept vpid xsaveopt
bugs		:
bogomips	: 5387.72
clflush size	: 64
cache_alignment	: 64
address sizes	: 36 bits physical, 48 bits virtual
power management:

processor	: 1
vendor_id	: GenuineIntel
cpu family	: 6
model		: 42
model name	: Intel(R) Core(TM) i7-2620M CPU @ 2.70GHz
stepping	: 7
microcode	: 0x29
cpu MHz		: 3199.921
cache size	: 4096 KB
physical id	: 0
siblings	: 4
core id		: 1
cpu cores	: 2
apicid		: 2
initial apicid	: 2
fpu		: yes
fpu_exception	: yes
cpuid level	: 13
wp		: yes
flags		: fpu vme de pse tsc msr pae mce cx8 apic sep mtrr pge mca cmov pat pse36 clflush dts acpi mmx fxsr sse sse2 ss ht tm pbe syscall nx rdtscp lm constant_tsc arch_perfmon pebs bts rep_good nopl xtopology nonstop_tsc aperfmperf eagerfpu pni pclmulqdq dtes64 monitor ds_cpl vmx smx est tm2 ssse3 cx16 xtpr pdcm pcid sse4_1 sse4_2 x2apic popcnt tsc_deadline_timer aes xsave avx lahf_lm ida arat epb pln pts dtherm tpr_shadow vnmi flexpriority ept vpid xsaveopt
bugs		:
bogomips	: 5387.72
clflush size	: 64
cache_alignment	: 64
address sizes	: 36 bits physical, 48 bits virtual
power management:

processor	: 2
vendor_id	: GenuineIntel
cpu family	: 6
model		: 42
model name	: Intel(R) Core(TM) i7-2620M CPU @ 2.70GHz
stepping	: 7
microcode	: 0x29
cpu MHz		: 3199.921
cache size	: 4096 KB
physical id	: 0
siblings	: 4
core id		: 0
cpu cores	: 2
apicid		: 1
initial apicid	: 1
fpu		: yes
fpu_exception	: yes
cpuid level	: 13
wp		: yes
flags		: fpu vme de pse tsc msr pae mce cx8 apic sep mtrr pge mca cmov pat pse36 clflush dts acpi mmx fxsr sse sse2 ss ht tm pbe syscall nx rdtscp lm constant_tsc arch_perfmon pebs bts rep_good nopl xtopology nonstop_tsc aperfmperf eagerfpu pni pclmulqdq dtes64 monitor ds_cpl vmx smx est tm2 ssse3 cx16 xtpr pdcm pcid sse4_1 sse4_2 x2apic popcnt tsc_deadline_timer aes xsave avx lahf_lm ida arat epb pln pts dtherm tpr_shadow vnmi flexpriority ept vpid xsaveopt
bugs		:
bogomips	: 5387.72
clflush size	: 64
cache_alignment	: 64
address sizes	: 36 bits physical, 48 bits virtual
power management:

processor	: 3
vendor_id	: GenuineIntel
cpu family	: 6
model		: 42
model name	: Intel(R) Core(TM) i7-2620M CPU @ 2.70GHz
stepping	: 7
microcode	: 0x29
cpu MHz		: 3199.921
cache size	: 4096 KB
physical id	: 0
siblings	: 4
core id		: 1
cpu cores	: 2
apicid		: 3
initial apicid	: 3
fpu		: yes
fpu_exception	: yes
cpuid level	: 13
wp		: yes
flags		: fpu vme de pse tsc msr pae mce cx8 apic sep mtrr pge mca cmov pat pse36 clflush dts acpi mmx fxsr sse sse2 ss ht tm pbe syscall nx rdtscp lm constant_tsc arch_perfmon pebs bts rep_good nopl xtopology nonstop_tsc aperfmperf eagerfpu pni pclmulqdq dtes64 monitor ds_cpl vmx smx est tm2 ssse3 cx16 xtpr pdcm pcid sse4_1 sse4_2 x2apic popcnt tsc_deadline_timer aes xsave avx lahf_lm ida arat epb pln pts dtherm tpr_shadow vnmi flexpriority ept vpid xsaveopt
bugs		:
bogomips	: 5387.72
clflush size	: 64
cache_alignment	: 64
address sizes	: 36 bits physical, 48 bits virtual
power management:



Memory: 4k page, physical 6005592k(1445192k free), swap 24907772k(24686356k free)

vm_info: Java HotSpot(TM) 64-Bit Server VM (25.73-b02) for linux-amd64 JRE (1.8.0_73-b02), built on Jan 29 2016 17:39:45 by "java_re" with gcc 4.3.0 20080428 (Red Hat 4.3.0-8)

time: Fri Mar  4 15:26:43 2016
elapsed time: 4 seconds (0d 0h 0m 4s)

